<?xml version="1.0" encoding="utf-8"?>
<TestRun id="41a39f91-63bc-4a3b-9c5b-c6a643a3c81d" name="fdjy1@TEDMIBOOK 2026-02-13 22:22:43" runUser="TEDMIBOOK\fdjy1" xmlns="http://microsoft.com/schemas/VisualStudio/TeamTest/2010">
  <Times creation="2026-02-13T22:22:43.2487408+08:00" queuing="2026-02-13T22:22:43.2487414+08:00" start="2026-02-13T22:22:42.6921466+08:00" finish="2026-02-13T22:22:43.7020269+08:00" />
  <TestSettings name="default" id="833392ef-ff81-4de0-bb62-5d3e214ff4b4">
    <Deployment runDeploymentRoot="fdjy1_TEDMIBOOK_2026-02-13_22_22_43" />
  </TestSettings>
  <Results>
    <UnitTestResult executionId="545527ba-78b3-45ad-99a1-2d7d2c953c93" testId="b5c78d46-3501-2b25-ab10-329aed49f601" testName="MilkApiManager.Tests.Controllers.KeysControllerTests.RotateKey_ConsumerNotFound_ReturnsBadRequest" computerName="TEDMIBOOK" duration="00:00:00.0010786" startTime="2026-02-13T22:22:43.2028781+08:00" endTime="2026-02-13T22:22:43.2028782+08:00" testType="13cdc9d9-ddb5-4fa4-a97d-d965ccfc6d4b" outcome="Passed" testListId="8c84fa94-04c1-424b-9868-57a2d4851a1d" relativeResultsDirectory="545527ba-78b3-45ad-99a1-2d7d2c953c93" />
    <UnitTestResult executionId="898f8c06-86ae-4d6c-a10e-76d79785835a" testId="a47346ea-59d6-3290-22bb-209b987ff2f0" testName="MilkApiManager.Tests.Services.VaultServiceTests.RotateApiKeyAsync_ValidConsumer_ReturnsNewKey" computerName="TEDMIBOOK" duration="00:00:00.0809339" startTime="2026-02-13T22:22:43.2258874+08:00" endTime="2026-02-13T22:22:43.2258875+08:00" testType="13cdc9d9-ddb5-4fa4-a97d-d965ccfc6d4b" outcome="Passed" testListId="8c84fa94-04c1-424b-9868-57a2d4851a1d" relativeResultsDirectory="898f8c06-86ae-4d6c-a10e-76d79785835a" />
    <UnitTestResult executionId="2e770faa-4470-4514-a053-2413800cb686" testId="8558042f-5426-e996-6b1d-e2b2fa85119d" testName="MilkApiManager.Tests.Controllers.RouteControllerTests.CreateRoute_ValidConfig_Returns201" computerName="TEDMIBOOK" duration="00:00:00.0028930" startTime="2026-02-13T22:22:43.2264761+08:00" endTime="2026-02-13T22:22:43.2264762+08:00" testType="13cdc9d9-ddb5-4fa4-a97d-d965ccfc6d4b" outcome="Passed" testListId="8c84fa94-04c1-424b-9868-57a2d4851a1d" relativeResultsDirectory="2e770faa-4470-4514-a053-2413800cb686" />
    <UnitTestResult executionId="ddeea0e3-c57f-4b47-9eea-954161d82ab2" testId="bccbbaae-beea-e322-af21-53e75d3fc408" testName="MilkApiManager.Tests.Controllers.AnalyticsControllerTests.GetLatency_ReturnsOk" computerName="TEDMIBOOK" duration="00:00:00.0016151" startTime="2026-02-13T22:22:43.2262665+08:00" endTime="2026-02-13T22:22:43.2262666+08:00" testType="13cdc9d9-ddb5-4fa4-a97d-d965ccfc6d4b" outcome="Passed" testListId="8c84fa94-04c1-424b-9868-57a2d4851a1d" relativeResultsDirectory="ddeea0e3-c57f-4b47-9eea-954161d82ab2" />
    <UnitTestResult executionId="61e2af42-a5c6-46f7-abf0-93451ee2f3bc" testId="27c418af-6c9d-d1e9-eb04-f83c7936c883" testName="MilkApiManager.Tests.Controllers.RouteControllerTests.UpdateRoute_ValidConfig_Returns204" computerName="TEDMIBOOK" duration="00:00:00.0029853" startTime="2026-02-13T22:22:43.2263999+08:00" endTime="2026-02-13T22:22:43.2263999+08:00" testType="13cdc9d9-ddb5-4fa4-a97d-d965ccfc6d4b" outcome="Passed" testListId="8c84fa94-04c1-424b-9868-57a2d4851a1d" relativeResultsDirectory="61e2af42-a5c6-46f7-abf0-93451ee2f3bc" />
    <UnitTestResult executionId="191702f3-c87f-499f-b8dc-9405822f7e7b" testId="26411c7b-09b9-c413-c882-bd42cb05231b" testName="MilkApiManager.Tests.Controllers.KeysControllerTests.CreateKey_ValidRequest_ReturnsCreated" computerName="TEDMIBOOK" duration="00:00:00.0031217" startTime="2026-02-13T22:22:43.2251558+08:00" endTime="2026-02-13T22:22:43.2251558+08:00" testType="13cdc9d9-ddb5-4fa4-a97d-d965ccfc6d4b" outcome="Passed" testListId="8c84fa94-04c1-424b-9868-57a2d4851a1d" relativeResultsDirectory="191702f3-c87f-499f-b8dc-9405822f7e7b" />
    <UnitTestResult executionId="68084c76-0c09-4113-8094-7b95f52fdf0a" testId="b8459eec-149a-be21-ebc9-9b933f954f8f" testName="MilkApiManager.Tests.Controllers.BlacklistControllerTests.GetBlacklist_WithDbPersistence_ReturnsDbEntries" computerName="TEDMIBOOK" duration="00:00:00.0306667" startTime="2026-02-13T22:22:43.6358041+08:00" endTime="2026-02-13T22:22:43.6358043+08:00" testType="13cdc9d9-ddb5-4fa4-a97d-d965ccfc6d4b" outcome="Passed" testListId="8c84fa94-04c1-424b-9868-57a2d4851a1d" relativeResultsDirectory="68084c76-0c09-4113-8094-7b95f52fdf0a" />
    <UnitTestResult executionId="305d6224-c4ad-44db-acd7-0f4c4d48486d" testId="370d7081-d79c-5f4a-cbb0-b5acb049e9f0" testName="MilkApiManager.Tests.Controllers.AnalyticsControllerTests.GetRequests_DefaultQuery_ReturnsOk" computerName="TEDMIBOOK" duration="00:00:00.0010244" startTime="2026-02-13T22:22:43.2252893+08:00" endTime="2026-02-13T22:22:43.2252894+08:00" testType="13cdc9d9-ddb5-4fa4-a97d-d965ccfc6d4b" outcome="Passed" testListId="8c84fa94-04c1-424b-9868-57a2d4851a1d" relativeResultsDirectory="305d6224-c4ad-44db-acd7-0f4c4d48486d" />
    <UnitTestResult executionId="f554129b-c6e1-4f57-bef0-d72d797d0fcf" testId="d36d8574-0208-cc2a-7af3-d62933230c52" testName="MilkApiManager.Tests.Controllers.ConsumerControllerTests.GetConsumers_ReturnsOk_WithConsumerList" computerName="TEDMIBOOK" duration="00:00:00.0257376" startTime="2026-02-13T22:22:43.2317901+08:00" endTime="2026-02-13T22:22:43.2317904+08:00" testType="13cdc9d9-ddb5-4fa4-a97d-d965ccfc6d4b" outcome="Passed" testListId="8c84fa94-04c1-424b-9868-57a2d4851a1d" relativeResultsDirectory="f554129b-c6e1-4f57-bef0-d72d797d0fcf" />
    <UnitTestResult executionId="23953dbc-3c09-4f10-b07a-f2adca44e6e5" testId="6b60f256-0e87-f397-6804-dd266e5ecc8b" testName="MilkApiManager.Tests.Controllers.AnalyticsControllerTests.GetErrors_ReturnsOk" computerName="TEDMIBOOK" duration="00:00:00.0022444" startTime="2026-02-13T22:22:43.2244781+08:00" endTime="2026-02-13T22:22:43.2244781+08:00" testType="13cdc9d9-ddb5-4fa4-a97d-d965ccfc6d4b" outcome="Passed" testListId="8c84fa94-04c1-424b-9868-57a2d4851a1d" relativeResultsDirectory="23953dbc-3c09-4f10-b07a-f2adca44e6e5" />
    <UnitTestResult executionId="a8c81828-b8d6-463c-bf68-ce6a146b85c9" testId="17ffb620-7c55-ec71-d9bb-ff91adfa2120" testName="MilkApiManager.Tests.Controllers.BlacklistControllerTests.GetBlacklist_WithoutDbPersistence_ReturnsApisixData" computerName="TEDMIBOOK" duration="00:00:00.0009453" startTime="2026-02-13T22:22:43.6524851+08:00" endTime="2026-02-13T22:22:43.6524853+08:00" testType="13cdc9d9-ddb5-4fa4-a97d-d965ccfc6d4b" outcome="Passed" testListId="8c84fa94-04c1-424b-9868-57a2d4851a1d" relativeResultsDirectory="a8c81828-b8d6-463c-bf68-ce6a146b85c9" />
    <UnitTestResult executionId="99113c94-9b9b-4980-9aaf-9f2028fee320" testId="48939886-2610-bfa9-5a1a-4f6bca067171" testName="MilkApiManager.Tests.Services.SecurityAutomationServiceTests.BlockMaliciousIP_UpdatesGlobalPlugin" computerName="TEDMIBOOK" duration="00:00:00.0028348" startTime="2026-02-13T22:22:43.2260007+08:00" endTime="2026-02-13T22:22:43.2260008+08:00" testType="13cdc9d9-ddb5-4fa4-a97d-d965ccfc6d4b" outcome="Passed" testListId="8c84fa94-04c1-424b-9868-57a2d4851a1d" relativeResultsDirectory="99113c94-9b9b-4980-9aaf-9f2028fee320" />
    <UnitTestResult executionId="032e0817-ddbb-4783-9e6b-dd5c8a38a219" testId="5ee4af1b-ea62-e2c1-2859-997484dfe483" testName="MilkApiManager.Tests.Controllers.RouteControllerTests.GetRoute_ExistingId_ReturnsOk" computerName="TEDMIBOOK" duration="00:00:00.0008297" startTime="2026-02-13T22:22:43.2263326+08:00" endTime="2026-02-13T22:22:43.2263327+08:00" testType="13cdc9d9-ddb5-4fa4-a97d-d965ccfc6d4b" outcome="Passed" testListId="8c84fa94-04c1-424b-9868-57a2d4851a1d" relativeResultsDirectory="032e0817-ddbb-4783-9e6b-dd5c8a38a219" />
    <UnitTestResult executionId="d5b4b80a-7e4a-49a0-9a0a-c7b81e0018ba" testId="58c4f78c-cffc-0fa4-ff0b-5a8c9f7dfd25" testName="MilkApiManager.Tests.Controllers.RouteControllerTests.GetRoutes_OnException_Returns500" computerName="TEDMIBOOK" duration="00:00:00.0015567" startTime="2026-02-13T22:22:43.2259125+08:00" endTime="2026-02-13T22:22:43.2259125+08:00" testType="13cdc9d9-ddb5-4fa4-a97d-d965ccfc6d4b" outcome="Passed" testListId="8c84fa94-04c1-424b-9868-57a2d4851a1d" relativeResultsDirectory="d5b4b80a-7e4a-49a0-9a0a-c7b81e0018ba" />
    <UnitTestResult executionId="2c671ee1-7f84-4486-8958-aa171f54c3a1" testId="289cfbcf-dc45-5944-6208-a749ef3d07d9" testName="MilkApiManager.Tests.Controllers.KeysControllerTests.CreateKey_NullRequest_ReturnsBadRequest" computerName="TEDMIBOOK" duration="00:00:00.0003296" startTime="2026-02-13T22:22:43.2251879+08:00" endTime="2026-02-13T22:22:43.2251879+08:00" testType="13cdc9d9-ddb5-4fa4-a97d-d965ccfc6d4b" outcome="Passed" testListId="8c84fa94-04c1-424b-9868-57a2d4851a1d" relativeResultsDirectory="2c671ee1-7f84-4486-8958-aa171f54c3a1" />
    <UnitTestResult executionId="d4ef2ab6-49c7-4224-a460-f6e96b142156" testId="edd88934-1c5f-ff54-4d3f-96b2d317d4e5" testName="MilkApiManager.Tests.Controllers.BlacklistControllerTests.UpdateBlacklist_NullRequest_ReturnsBadRequest" computerName="TEDMIBOOK" duration="00:00:00.0005082" startTime="2026-02-13T22:22:43.6530431+08:00" endTime="2026-02-13T22:22:43.6530433+08:00" testType="13cdc9d9-ddb5-4fa4-a97d-d965ccfc6d4b" outcome="Passed" testListId="8c84fa94-04c1-424b-9868-57a2d4851a1d" relativeResultsDirectory="d4ef2ab6-49c7-4224-a460-f6e96b142156" />
    <UnitTestResult executionId="403f93b5-ed3a-4304-b21e-7afc98b5e95f" testId="27ffc991-1d89-21e1-ab97-51da2dc12093" testName="MilkApiManager.Tests.Services.VaultServiceTests.GetSecretAsync_ReturnsMockSecret" computerName="TEDMIBOOK" duration="00:00:00.0006826" startTime="2026-02-13T22:22:43.2264627+08:00" endTime="2026-02-13T22:22:43.2264627+08:00" testType="13cdc9d9-ddb5-4fa4-a97d-d965ccfc6d4b" outcome="Passed" testListId="8c84fa94-04c1-424b-9868-57a2d4851a1d" relativeResultsDirectory="403f93b5-ed3a-4304-b21e-7afc98b5e95f" />
    <UnitTestResult executionId="61b14e61-0b73-4a4b-9e06-875ee97576f3" testId="7b53913e-db83-f932-293a-4c4a6540abd8" testName="MilkApiManager.Tests.Controllers.ConsumerControllerTests.GetConsumers_OnException_Returns500" computerName="TEDMIBOOK" duration="00:00:00.0760417" startTime="2026-02-13T22:22:43.2244306+08:00" endTime="2026-02-13T22:22:43.2244307+08:00" testType="13cdc9d9-ddb5-4fa4-a97d-d965ccfc6d4b" outcome="Passed" testListId="8c84fa94-04c1-424b-9868-57a2d4851a1d" relativeResultsDirectory="61b14e61-0b73-4a4b-9e06-875ee97576f3" />
    <UnitTestResult executionId="4ae705ff-7d15-4b38-b654-bdb615ec4c81" testId="82c2e491-1a42-73fd-f751-39957ddf0284" testName="MilkApiManager.Tests.Controllers.RouteControllerTests.CreateRoute_NullConfig_ReturnsBadRequest" computerName="TEDMIBOOK" duration="00:00:00.0009979" startTime="2026-02-13T22:22:43.2259607+08:00" endTime="2026-02-13T22:22:43.2259607+08:00" testType="13cdc9d9-ddb5-4fa4-a97d-d965ccfc6d4b" outcome="Passed" testListId="8c84fa94-04c1-424b-9868-57a2d4851a1d" relativeResultsDirectory="4ae705ff-7d15-4b38-b654-bdb615ec4c81" />
    <UnitTestResult executionId="955cd1d0-1a23-4666-aa9f-491fdb16309d" testId="bde5c2bf-f32f-070d-8aff-1df3c60f213c" testName="MilkApiManager.Tests.Services.VaultServiceTests.RotateApiKeyAsync_ConsumerNotFound_ThrowsException" computerName="TEDMIBOOK" duration="00:00:00.0075738" startTime="2026-02-13T22:22:43.2264213+08:00" endTime="2026-02-13T22:22:43.2264214+08:00" testType="13cdc9d9-ddb5-4fa4-a97d-d965ccfc6d4b" outcome="Passed" testListId="8c84fa94-04c1-424b-9868-57a2d4851a1d" relativeResultsDirectory="955cd1d0-1a23-4666-aa9f-491fdb16309d" />
    <UnitTestResult executionId="1a073cd3-c554-40c6-b6ca-d0331d258d17" testId="1eccb42e-70c7-47aa-2523-f16f35ecaf7b" testName="MilkApiManager.Tests.Services.SecurityAutomationServiceTests.CheckAndRotateKeys_CompletesWithoutError" computerName="TEDMIBOOK" duration="00:00:00.0014875" startTime="2026-02-13T22:22:43.2253109+08:00" endTime="2026-02-13T22:22:43.2253110+08:00" testType="13cdc9d9-ddb5-4fa4-a97d-d965ccfc6d4b" outcome="Passed" testListId="8c84fa94-04c1-424b-9868-57a2d4851a1d" relativeResultsDirectory="1a073cd3-c554-40c6-b6ca-d0331d258d17" />
    <UnitTestResult executionId="a1f9e6e8-4989-4edb-bf0c-347482a8eec6" testId="e494bac7-a81f-608c-c1ca-c0f81c3d6290" testName="MilkApiManager.Tests.Services.SecurityAutomationServiceTests.CheckAndRotateKeys_NearExpiryKey_DoesNotRotate" computerName="TEDMIBOOK" duration="00:00:00.0009946" startTime="2026-02-13T22:22:43.2251985+08:00" endTime="2026-02-13T22:22:43.2251985+08:00" testType="13cdc9d9-ddb5-4fa4-a97d-d965ccfc6d4b" outcome="Passed" testListId="8c84fa94-04c1-424b-9868-57a2d4851a1d" relativeResultsDirectory="a1f9e6e8-4989-4edb-bf0c-347482a8eec6" />
    <UnitTestResult executionId="c3a3d8f8-8505-461f-b504-8d227e66aab8" testId="e65cf953-889d-aed2-d800-b925c27e2698" testName="MilkApiManager.Tests.Controllers.ConsumerControllerTests.DeleteConsumer_ValidUsername_ReturnsNoContent" computerName="TEDMIBOOK" duration="00:00:00.0012979" startTime="2026-02-13T22:22:43.2245163+08:00" endTime="2026-02-13T22:22:43.2245164+08:00" testType="13cdc9d9-ddb5-4fa4-a97d-d965ccfc6d4b" outcome="Passed" testListId="8c84fa94-04c1-424b-9868-57a2d4851a1d" relativeResultsDirectory="c3a3d8f8-8505-461f-b504-8d227e66aab8" />
    <UnitTestResult executionId="fc1f5f5d-01aa-4ace-86b1-1216f600edea" testId="3bfeef27-ed8e-1a20-81a1-47743f6cee91" testName="MilkApiManager.Tests.Controllers.AnalyticsControllerTests.GetRequests_30MinRange_Uses1mStep" computerName="TEDMIBOOK" duration="00:00:00.0018654" startTime="2026-02-13T22:22:43.2252171+08:00" endTime="2026-02-13T22:22:43.2252171+08:00" testType="13cdc9d9-ddb5-4fa4-a97d-d965ccfc6d4b" outcome="Passed" testListId="8c84fa94-04c1-424b-9868-57a2d4851a1d" relativeResultsDirectory="fc1f5f5d-01aa-4ace-86b1-1216f600edea" />
    <UnitTestResult executionId="0389e62a-d4ed-47dc-9a75-9a3d78e57478" testId="05ef748c-2f79-f6de-a6a8-92289af8d519" testName="MilkApiManager.Tests.Controllers.BlacklistControllerTests.UpdateBlacklist_RemoveIp_Success" computerName="TEDMIBOOK" duration="00:00:00.4763391" startTime="2026-02-13T22:22:43.6050491+08:00" endTime="2026-02-13T22:22:43.6050495+08:00" testType="13cdc9d9-ddb5-4fa4-a97d-d965ccfc6d4b" outcome="Passed" testListId="8c84fa94-04c1-424b-9868-57a2d4851a1d" relativeResultsDirectory="0389e62a-d4ed-47dc-9a75-9a3d78e57478" />
    <UnitTestResult executionId="666c4043-63e8-446a-abe9-b48325b81a0d" testId="beaa704d-5f7e-744f-aa6b-6b335c446ea3" testName="MilkApiManager.Tests.Controllers.ConsumerControllerTests.DeleteConsumer_OnException_Returns500" computerName="TEDMIBOOK" duration="00:00:00.0008021" startTime="2026-02-13T22:22:43.2365700+08:00" endTime="2026-02-13T22:22:43.2365701+08:00" testType="13cdc9d9-ddb5-4fa4-a97d-d965ccfc6d4b" outcome="Passed" testListId="8c84fa94-04c1-424b-9868-57a2d4851a1d" relativeResultsDirectory="666c4043-63e8-446a-abe9-b48325b81a0d" />
    <UnitTestResult executionId="0fc0cd23-fc1b-4b7c-9f7d-0e6de0ea50ee" testId="9a42b642-59ef-5e88-e9ab-d6b051ed7f14" testName="MilkApiManager.Tests.Controllers.AnalyticsControllerTests.GetRequests_12HourRange_Uses10mStep" computerName="TEDMIBOOK" duration="00:00:00.0721682" startTime="2026-02-13T22:22:43.2242779+08:00" endTime="2026-02-13T22:22:43.2242781+08:00" testType="13cdc9d9-ddb5-4fa4-a97d-d965ccfc6d4b" outcome="Passed" testListId="8c84fa94-04c1-424b-9868-57a2d4851a1d" relativeResultsDirectory="0fc0cd23-fc1b-4b7c-9f7d-0e6de0ea50ee" />
    <UnitTestResult executionId="412c71fd-c9f5-4157-bf3c-65f2aa9e114b" testId="5e0cb60b-7d31-9b7c-269b-81895e1c71bb" testName="MilkApiManager.Tests.Controllers.RouteControllerTests.DeleteRoute_OnException_Returns500" computerName="TEDMIBOOK" duration="00:00:00.0014300" startTime="2026-02-13T22:22:43.2264422+08:00" endTime="2026-02-13T22:22:43.2264422+08:00" testType="13cdc9d9-ddb5-4fa4-a97d-d965ccfc6d4b" outcome="Passed" testListId="8c84fa94-04c1-424b-9868-57a2d4851a1d" relativeResultsDirectory="412c71fd-c9f5-4157-bf3c-65f2aa9e114b" />
    <UnitTestResult executionId="5923cd2b-0142-4a03-a2b0-02724b992c6e" testId="436f838a-f834-c168-2b5f-1cae83e1dff7" testName="MilkApiManager.Tests.Controllers.RouteControllerTests.DeleteRoute_ValidId_Returns204" computerName="TEDMIBOOK" duration="00:00:00.0032291" startTime="2026-02-13T22:22:43.2252666+08:00" endTime="2026-02-13T22:22:43.2252667+08:00" testType="13cdc9d9-ddb5-4fa4-a97d-d965ccfc6d4b" outcome="Passed" testListId="8c84fa94-04c1-424b-9868-57a2d4851a1d" relativeResultsDirectory="5923cd2b-0142-4a03-a2b0-02724b992c6e" />
    <UnitTestResult executionId="13ffc9b0-d15e-4f75-921a-9b3b7c206fff" testId="50abf8f7-1597-2f0c-9ae5-bda1633d807a" testName="MilkApiManager.Tests.Controllers.BlacklistControllerTests.UpdateBlacklist_InvalidAction_ReturnsBadRequest" computerName="TEDMIBOOK" duration="00:00:00.0005774" startTime="2026-02-13T22:22:43.6541604+08:00" endTime="2026-02-13T22:22:43.6541605+08:00" testType="13cdc9d9-ddb5-4fa4-a97d-d965ccfc6d4b" outcome="Passed" testListId="8c84fa94-04c1-424b-9868-57a2d4851a1d" relativeResultsDirectory="13ffc9b0-d15e-4f75-921a-9b3b7c206fff" />
    <UnitTestResult executionId="71151a64-6def-4c10-bed2-62d7cefedd93" testId="814b7ce3-6665-1726-8cab-b3b4b50b5ec9" testName="MilkApiManager.Tests.Controllers.RouteControllerTests.UpdateRoute_NullConfig_ReturnsBadRequest" computerName="TEDMIBOOK" duration="00:00:00.0761688" startTime="2026-02-13T22:22:43.2244548+08:00" endTime="2026-02-13T22:22:43.2244549+08:00" testType="13cdc9d9-ddb5-4fa4-a97d-d965ccfc6d4b" outcome="Passed" testListId="8c84fa94-04c1-424b-9868-57a2d4851a1d" relativeResultsDirectory="71151a64-6def-4c10-bed2-62d7cefedd93" />
    <UnitTestResult executionId="4d372b90-7918-49cf-ac91-fdb63eed782a" testId="d722efba-a895-15b2-2e76-a6c7212a6ca3" testName="MilkApiManager.Tests.Services.SecurityAutomationServiceTests.CheckAndRotateKeys_ExpiredKey_TriggersRotation" computerName="TEDMIBOOK" duration="00:00:00.0773759" startTime="2026-02-13T22:22:43.2245057+08:00" endTime="2026-02-13T22:22:43.2245058+08:00" testType="13cdc9d9-ddb5-4fa4-a97d-d965ccfc6d4b" outcome="Passed" testListId="8c84fa94-04c1-424b-9868-57a2d4851a1d" relativeResultsDirectory="4d372b90-7918-49cf-ac91-fdb63eed782a" />
    <UnitTestResult executionId="642ca7f5-dfa0-452c-9c11-6fe3b90cd7ac" testId="cdbdfb8e-d2d9-37d6-7d06-bb5d7f10b45f" testName="MilkApiManager.Tests.Controllers.ConsumerControllerTests.UpdateConsumer_ValidData_ReturnsOk" computerName="TEDMIBOOK" duration="00:00:00.0038417" startTime="2026-02-13T22:22:43.2357192+08:00" endTime="2026-02-13T22:22:43.2357193+08:00" testType="13cdc9d9-ddb5-4fa4-a97d-d965ccfc6d4b" outcome="Passed" testListId="8c84fa94-04c1-424b-9868-57a2d4851a1d" relativeResultsDirectory="642ca7f5-dfa0-452c-9c11-6fe3b90cd7ac" />
    <UnitTestResult executionId="098d3e53-d52a-4399-82d3-067e95339e48" testId="8cf132ed-98ed-182d-bce0-822650c102f3" testName="MilkApiManager.Tests.Controllers.ConsumerControllerTests.GetConsumers_EmptyList_ReturnsOk" computerName="TEDMIBOOK" duration="00:00:00.0015270" startTime="2026-02-13T22:22:43.2381593+08:00" endTime="2026-02-13T22:22:43.2381594+08:00" testType="13cdc9d9-ddb5-4fa4-a97d-d965ccfc6d4b" outcome="Passed" testListId="8c84fa94-04c1-424b-9868-57a2d4851a1d" relativeResultsDirectory="098d3e53-d52a-4399-82d3-067e95339e48" />
    <UnitTestResult executionId="81cafaf5-36cb-4f22-9510-275b86fc7c23" testId="3bfb4045-20a9-5a98-0ec9-5957e78a26d3" testName="MilkApiManager.Tests.Controllers.BlacklistControllerTests.UpdateBlacklist_EmptyIp_ReturnsBadRequest" computerName="TEDMIBOOK" duration="00:00:00.0004398" startTime="2026-02-13T22:22:43.6535206+08:00" endTime="2026-02-13T22:22:43.6535207+08:00" testType="13cdc9d9-ddb5-4fa4-a97d-d965ccfc6d4b" outcome="Passed" testListId="8c84fa94-04c1-424b-9868-57a2d4851a1d" relativeResultsDirectory="81cafaf5-36cb-4f22-9510-275b86fc7c23" />
    <UnitTestResult executionId="ffbf5109-eabf-4691-8753-6bd926d3ae7f" testId="e933aab0-3972-a552-08b0-3eca228605a2" testName="MilkApiManager.Tests.Controllers.RouteControllerTests.CreateRoute_EmptyId_ReturnsBadRequest" computerName="TEDMIBOOK" duration="00:00:00.0004757" startTime="2026-02-13T22:22:43.2267447+08:00" endTime="2026-02-13T22:22:43.2267448+08:00" testType="13cdc9d9-ddb5-4fa4-a97d-d965ccfc6d4b" outcome="Passed" testListId="8c84fa94-04c1-424b-9868-57a2d4851a1d" relativeResultsDirectory="ffbf5109-eabf-4691-8753-6bd926d3ae7f" />
    <UnitTestResult executionId="46175895-1f30-458c-afa6-d8536f65d303" testId="e287b8f7-92fb-0bb2-cc96-0975fc0cbda0" testName="MilkApiManager.Tests.Services.VaultServiceTests.StoreSecretAsync_ReturnsVaultVersion" computerName="TEDMIBOOK" duration="00:00:00.0007649" startTime="2026-02-13T22:22:43.2259397+08:00" endTime="2026-02-13T22:22:43.2259398+08:00" testType="13cdc9d9-ddb5-4fa4-a97d-d965ccfc6d4b" outcome="Passed" testListId="8c84fa94-04c1-424b-9868-57a2d4851a1d" relativeResultsDirectory="46175895-1f30-458c-afa6-d8536f65d303" />
    <UnitTestResult executionId="efa04d6b-ff76-4c9a-b160-27d422ade956" testId="110106ff-6a89-ffa1-a9f3-2cac0d82a207" testName="MilkApiManager.Tests.Controllers.AnalyticsControllerTests.GetRequests_WithConsumerFilter_PassesCorrectQuery" computerName="TEDMIBOOK" duration="00:00:00.0025795" startTime="2026-02-13T22:22:43.2259804+08:00" endTime="2026-02-13T22:22:43.2259805+08:00" testType="13cdc9d9-ddb5-4fa4-a97d-d965ccfc6d4b" outcome="Passed" testListId="8c84fa94-04c1-424b-9868-57a2d4851a1d" relativeResultsDirectory="efa04d6b-ff76-4c9a-b160-27d422ade956" />
    <UnitTestResult executionId="2cc10524-f0b9-4008-b157-54ca43c5f2da" testId="a1930016-3903-52e5-425e-5ff328905ac4" testName="MilkApiManager.Tests.Services.VaultServiceTests.RotateApiKeyAsync_ConsumerWithNullPlugins_InitializesPlugins" computerName="TEDMIBOOK" duration="00:00:00.0011617" startTime="2026-02-13T22:22:43.2260155+08:00" endTime="2026-02-13T22:22:43.2260155+08:00" testType="13cdc9d9-ddb5-4fa4-a97d-d965ccfc6d4b" outcome="Passed" testListId="8c84fa94-04c1-424b-9868-57a2d4851a1d" relativeResultsDirectory="2cc10524-f0b9-4008-b157-54ca43c5f2da" />
    <UnitTestResult executionId="274be87f-e706-40f4-b09e-c51ec02c130f" testId="3a84ee62-fea2-fe62-213b-6c3075a5b626" testName="MilkApiManager.Tests.Controllers.BlacklistControllerTests.UpdateBlacklist_AddIp_Success" computerName="TEDMIBOOK" duration="00:00:00.0155795" startTime="2026-02-13T22:22:43.6514703+08:00" endTime="2026-02-13T22:22:43.6514705+08:00" testType="13cdc9d9-ddb5-4fa4-a97d-d965ccfc6d4b" outcome="Passed" testListId="8c84fa94-04c1-424b-9868-57a2d4851a1d" relativeResultsDirectory="274be87f-e706-40f4-b09e-c51ec02c130f" />
    <UnitTestResult executionId="62697c12-f9e1-4207-8f12-3430e6a8e5ae" testId="a2bb1cc4-140f-4800-98f6-acd08441c65e" testName="MilkApiManager.Tests.Controllers.KeysControllerTests.RotateKey_ValidConsumer_ReturnsOk" computerName="TEDMIBOOK" duration="00:00:00.0092915" startTime="2026-02-13T22:22:43.2017563+08:00" endTime="2026-02-13T22:22:43.2017564+08:00" testType="13cdc9d9-ddb5-4fa4-a97d-d965ccfc6d4b" outcome="Passed" testListId="8c84fa94-04c1-424b-9868-57a2d4851a1d" relativeResultsDirectory="62697c12-f9e1-4207-8f12-3430e6a8e5ae" />
    <UnitTestResult executionId="f5c9c31b-a16b-418d-9281-af8a19b2fb85" testId="7eab8404-cbf1-7039-27da-f394678f7239" testName="MilkApiManager.Tests.Controllers.KeysControllerTests.CreateKey_EmptyOwner_ReturnsBadRequest" computerName="TEDMIBOOK" duration="00:00:00.0615120" startTime="2026-02-13T22:22:43.1980659+08:00" endTime="2026-02-13T22:22:43.1980975+08:00" testType="13cdc9d9-ddb5-4fa4-a97d-d965ccfc6d4b" outcome="Passed" testListId="8c84fa94-04c1-424b-9868-57a2d4851a1d" relativeResultsDirectory="f5c9c31b-a16b-418d-9281-af8a19b2fb85" />
    <UnitTestResult executionId="10dcadec-8fdd-48b2-bde2-af003e0b4176" testId="94170f4d-354a-76ad-996e-a4ab1a6d4701" testName="MilkApiManager.Tests.Controllers.RouteControllerTests.GetRoutes_ReturnsOk" computerName="TEDMIBOOK" duration="00:00:00.0020656" startTime="2026-02-13T22:22:43.2262839+08:00" endTime="2026-02-13T22:22:43.2262840+08:00" testType="13cdc9d9-ddb5-4fa4-a97d-d965ccfc6d4b" outcome="Passed" testListId="8c84fa94-04c1-424b-9868-57a2d4851a1d" relativeResultsDirectory="10dcadec-8fdd-48b2-bde2-af003e0b4176" />
    <UnitTestResult executionId="266cae74-a859-4211-aa59-ee51cbf46d33" testId="cf7dfd20-217b-7fe3-4df1-e60907a8898a" testName="MilkApiManager.Tests.Controllers.RouteControllerTests.GetRoute_NotFound_ReturnsNotFound" computerName="TEDMIBOOK" duration="00:00:00.0014068" startTime="2026-02-13T22:22:43.2263052+08:00" endTime="2026-02-13T22:22:43.2263052+08:00" testType="13cdc9d9-ddb5-4fa4-a97d-d965ccfc6d4b" outcome="Passed" testListId="8c84fa94-04c1-424b-9868-57a2d4851a1d" relativeResultsDirectory="266cae74-a859-4211-aa59-ee51cbf46d33" />
  </Results>
  <TestDefinitions>
    <UnitTest name="MilkApiManager.Tests.Services.SecurityAutomationServiceTests.CheckAndRotateKeys_NearExpiryKey_DoesNotRotate" storage="d:\tedtv_github\milk-api-manager-system\backend\milkapimanager.tests\bin\debug\net8.0\milkapimanager.tests.dll" id="e494bac7-a81f-608c-c1ca-c0f81c3d6290">
      <Execution id="a1f9e6e8-4989-4edb-bf0c-347482a8eec6" />
      <TestMethod codeBase="D:\tedtv_github\milk-api-manager-system\backend\MilkApiManager.Tests\bin\Debug\net8.0\MilkApiManager.Tests.dll" adapterTypeName="executor://xunit/VsTestRunner2/netcoreapp" className="MilkApiManager.Tests.Services.SecurityAutomationServiceTests" name="CheckAndRotateKeys_NearExpiryKey_DoesNotRotate" />
    </UnitTest>
    <UnitTest name="MilkApiManager.Tests.Services.SecurityAutomationServiceTests.CheckAndRotateKeys_ExpiredKey_TriggersRotation" storage="d:\tedtv_github\milk-api-manager-system\backend\milkapimanager.tests\bin\debug\net8.0\milkapimanager.tests.dll" id="d722efba-a895-15b2-2e76-a6c7212a6ca3">
      <Execution id="4d372b90-7918-49cf-ac91-fdb63eed782a" />
      <TestMethod codeBase="D:\tedtv_github\milk-api-manager-system\backend\MilkApiManager.Tests\bin\Debug\net8.0\MilkApiManager.Tests.dll" adapterTypeName="executor://xunit/VsTestRunner2/netcoreapp" className="MilkApiManager.Tests.Services.SecurityAutomationServiceTests" name="CheckAndRotateKeys_ExpiredKey_TriggersRotation" />
    </UnitTest>
    <UnitTest name="MilkApiManager.Tests.Controllers.ConsumerControllerTests.DeleteConsumer_OnException_Returns500" storage="d:\tedtv_github\milk-api-manager-system\backend\milkapimanager.tests\bin\debug\net8.0\milkapimanager.tests.dll" id="beaa704d-5f7e-744f-aa6b-6b335c446ea3">
      <Execution id="666c4043-63e8-446a-abe9-b48325b81a0d" />
      <TestMethod codeBase="D:\tedtv_github\milk-api-manager-system\backend\MilkApiManager.Tests\bin\Debug\net8.0\MilkApiManager.Tests.dll" adapterTypeName="executor://xunit/VsTestRunner2/netcoreapp" className="MilkApiManager.Tests.Controllers.ConsumerControllerTests" name="DeleteConsumer_OnException_Returns500" />
    </UnitTest>
    <UnitTest name="MilkApiManager.Tests.Controllers.KeysControllerTests.CreateKey_ValidRequest_ReturnsCreated" storage="d:\tedtv_github\milk-api-manager-system\backend\milkapimanager.tests\bin\debug\net8.0\milkapimanager.tests.dll" id="26411c7b-09b9-c413-c882-bd42cb05231b">
      <Execution id="191702f3-c87f-499f-b8dc-9405822f7e7b" />
      <TestMethod codeBase="D:\tedtv_github\milk-api-manager-system\backend\MilkApiManager.Tests\bin\Debug\net8.0\MilkApiManager.Tests.dll" adapterTypeName="executor://xunit/VsTestRunner2/netcoreapp" className="MilkApiManager.Tests.Controllers.KeysControllerTests" name="CreateKey_ValidRequest_ReturnsCreated" />
    </UnitTest>
    <UnitTest name="MilkApiManager.Tests.Controllers.RouteControllerTests.CreateRoute_NullConfig_ReturnsBadRequest" storage="d:\tedtv_github\milk-api-manager-system\backend\milkapimanager.tests\bin\debug\net8.0\milkapimanager.tests.dll" id="82c2e491-1a42-73fd-f751-39957ddf0284">
      <Execution id="4ae705ff-7d15-4b38-b654-bdb615ec4c81" />
      <TestMethod codeBase="D:\tedtv_github\milk-api-manager-system\backend\MilkApiManager.Tests\bin\Debug\net8.0\MilkApiManager.Tests.dll" adapterTypeName="executor://xunit/VsTestRunner2/netcoreapp" className="MilkApiManager.Tests.Controllers.RouteControllerTests" name="CreateRoute_NullConfig_ReturnsBadRequest" />
    </UnitTest>
    <UnitTest name="MilkApiManager.Tests.Controllers.RouteControllerTests.CreateRoute_EmptyId_ReturnsBadRequest" storage="d:\tedtv_github\milk-api-manager-system\backend\milkapimanager.tests\bin\debug\net8.0\milkapimanager.tests.dll" id="e933aab0-3972-a552-08b0-3eca228605a2">
      <Execution id="ffbf5109-eabf-4691-8753-6bd926d3ae7f" />
      <TestMethod codeBase="D:\tedtv_github\milk-api-manager-system\backend\MilkApiManager.Tests\bin\Debug\net8.0\MilkApiManager.Tests.dll" adapterTypeName="executor://xunit/VsTestRunner2/netcoreapp" className="MilkApiManager.Tests.Controllers.RouteControllerTests" name="CreateRoute_EmptyId_ReturnsBadRequest" />
    </UnitTest>
    <UnitTest name="MilkApiManager.Tests.Controllers.ConsumerControllerTests.GetConsumers_EmptyList_ReturnsOk" storage="d:\tedtv_github\milk-api-manager-system\backend\milkapimanager.tests\bin\debug\net8.0\milkapimanager.tests.dll" id="8cf132ed-98ed-182d-bce0-822650c102f3">
      <Execution id="098d3e53-d52a-4399-82d3-067e95339e48" />
      <TestMethod codeBase="D:\tedtv_github\milk-api-manager-system\backend\MilkApiManager.Tests\bin\Debug\net8.0\MilkApiManager.Tests.dll" adapterTypeName="executor://xunit/VsTestRunner2/netcoreapp" className="MilkApiManager.Tests.Controllers.ConsumerControllerTests" name="GetConsumers_EmptyList_ReturnsOk" />
    </UnitTest>
    <UnitTest name="MilkApiManager.Tests.Controllers.RouteControllerTests.UpdateRoute_ValidConfig_Returns204" storage="d:\tedtv_github\milk-api-manager-system\backend\milkapimanager.tests\bin\debug\net8.0\milkapimanager.tests.dll" id="27c418af-6c9d-d1e9-eb04-f83c7936c883">
      <Execution id="61e2af42-a5c6-46f7-abf0-93451ee2f3bc" />
      <TestMethod codeBase="D:\tedtv_github\milk-api-manager-system\backend\MilkApiManager.Tests\bin\Debug\net8.0\MilkApiManager.Tests.dll" adapterTypeName="executor://xunit/VsTestRunner2/netcoreapp" className="MilkApiManager.Tests.Controllers.RouteControllerTests" name="UpdateRoute_ValidConfig_Returns204" />
    </UnitTest>
    <UnitTest name="MilkApiManager.Tests.Services.SecurityAutomationServiceTests.CheckAndRotateKeys_CompletesWithoutError" storage="d:\tedtv_github\milk-api-manager-system\backend\milkapimanager.tests\bin\debug\net8.0\milkapimanager.tests.dll" id="1eccb42e-70c7-47aa-2523-f16f35ecaf7b">
      <Execution id="1a073cd3-c554-40c6-b6ca-d0331d258d17" />
      <TestMethod codeBase="D:\tedtv_github\milk-api-manager-system\backend\MilkApiManager.Tests\bin\Debug\net8.0\MilkApiManager.Tests.dll" adapterTypeName="executor://xunit/VsTestRunner2/netcoreapp" className="MilkApiManager.Tests.Services.SecurityAutomationServiceTests" name="CheckAndRotateKeys_CompletesWithoutError" />
    </UnitTest>
    <UnitTest name="MilkApiManager.Tests.Services.VaultServiceTests.RotateApiKeyAsync_ConsumerWithNullPlugins_InitializesPlugins" storage="d:\tedtv_github\milk-api-manager-system\backend\milkapimanager.tests\bin\debug\net8.0\milkapimanager.tests.dll" id="a1930016-3903-52e5-425e-5ff328905ac4">
      <Execution id="2cc10524-f0b9-4008-b157-54ca43c5f2da" />
      <TestMethod codeBase="D:\tedtv_github\milk-api-manager-system\backend\MilkApiManager.Tests\bin\Debug\net8.0\MilkApiManager.Tests.dll" adapterTypeName="executor://xunit/VsTestRunner2/netcoreapp" className="MilkApiManager.Tests.Services.VaultServiceTests" name="RotateApiKeyAsync_ConsumerWithNullPlugins_InitializesPlugins" />
    </UnitTest>
    <UnitTest name="MilkApiManager.Tests.Controllers.RouteControllerTests.GetRoutes_OnException_Returns500" storage="d:\tedtv_github\milk-api-manager-system\backend\milkapimanager.tests\bin\debug\net8.0\milkapimanager.tests.dll" id="58c4f78c-cffc-0fa4-ff0b-5a8c9f7dfd25">
      <Execution id="d5b4b80a-7e4a-49a0-9a0a-c7b81e0018ba" />
      <TestMethod codeBase="D:\tedtv_github\milk-api-manager-system\backend\MilkApiManager.Tests\bin\Debug\net8.0\MilkApiManager.Tests.dll" adapterTypeName="executor://xunit/VsTestRunner2/netcoreapp" className="MilkApiManager.Tests.Controllers.RouteControllerTests" name="GetRoutes_OnException_Returns500" />
    </UnitTest>
    <UnitTest name="MilkApiManager.Tests.Controllers.AnalyticsControllerTests.GetErrors_ReturnsOk" storage="d:\tedtv_github\milk-api-manager-system\backend\milkapimanager.tests\bin\debug\net8.0\milkapimanager.tests.dll" id="6b60f256-0e87-f397-6804-dd266e5ecc8b">
      <Execution id="23953dbc-3c09-4f10-b07a-f2adca44e6e5" />
      <TestMethod codeBase="D:\tedtv_github\milk-api-manager-system\backend\MilkApiManager.Tests\bin\Debug\net8.0\MilkApiManager.Tests.dll" adapterTypeName="executor://xunit/VsTestRunner2/netcoreapp" className="MilkApiManager.Tests.Controllers.AnalyticsControllerTests" name="GetErrors_ReturnsOk" />
    </UnitTest>
    <UnitTest name="MilkApiManager.Tests.Controllers.RouteControllerTests.DeleteRoute_ValidId_Returns204" storage="d:\tedtv_github\milk-api-manager-system\backend\milkapimanager.tests\bin\debug\net8.0\milkapimanager.tests.dll" id="436f838a-f834-c168-2b5f-1cae83e1dff7">
      <Execution id="5923cd2b-0142-4a03-a2b0-02724b992c6e" />
      <TestMethod codeBase="D:\tedtv_github\milk-api-manager-system\backend\MilkApiManager.Tests\bin\Debug\net8.0\MilkApiManager.Tests.dll" adapterTypeName="executor://xunit/VsTestRunner2/netcoreapp" className="MilkApiManager.Tests.Controllers.RouteControllerTests" name="DeleteRoute_ValidId_Returns204" />
    </UnitTest>
    <UnitTest name="MilkApiManager.Tests.Services.VaultServiceTests.GetSecretAsync_ReturnsMockSecret" storage="d:\tedtv_github\milk-api-manager-system\backend\milkapimanager.tests\bin\debug\net8.0\milkapimanager.tests.dll" id="27ffc991-1d89-21e1-ab97-51da2dc12093">
      <Execution id="403f93b5-ed3a-4304-b21e-7afc98b5e95f" />
      <TestMethod codeBase="D:\tedtv_github\milk-api-manager-system\backend\MilkApiManager.Tests\bin\Debug\net8.0\MilkApiManager.Tests.dll" adapterTypeName="executor://xunit/VsTestRunner2/netcoreapp" className="MilkApiManager.Tests.Services.VaultServiceTests" name="GetSecretAsync_ReturnsMockSecret" />
    </UnitTest>
    <UnitTest name="MilkApiManager.Tests.Controllers.AnalyticsControllerTests.GetRequests_12HourRange_Uses10mStep" storage="d:\tedtv_github\milk-api-manager-system\backend\milkapimanager.tests\bin\debug\net8.0\milkapimanager.tests.dll" id="9a42b642-59ef-5e88-e9ab-d6b051ed7f14">
      <Execution id="0fc0cd23-fc1b-4b7c-9f7d-0e6de0ea50ee" />
      <TestMethod codeBase="D:\tedtv_github\milk-api-manager-system\backend\MilkApiManager.Tests\bin\Debug\net8.0\MilkApiManager.Tests.dll" adapterTypeName="executor://xunit/VsTestRunner2/netcoreapp" className="MilkApiManager.Tests.Controllers.AnalyticsControllerTests" name="GetRequests_12HourRange_Uses10mStep" />
    </UnitTest>
    <UnitTest name="MilkApiManager.Tests.Controllers.BlacklistControllerTests.UpdateBlacklist_InvalidAction_ReturnsBadRequest" storage="d:\tedtv_github\milk-api-manager-system\backend\milkapimanager.tests\bin\debug\net8.0\milkapimanager.tests.dll" id="50abf8f7-1597-2f0c-9ae5-bda1633d807a">
      <Execution id="13ffc9b0-d15e-4f75-921a-9b3b7c206fff" />
      <TestMethod codeBase="D:\tedtv_github\milk-api-manager-system\backend\MilkApiManager.Tests\bin\Debug\net8.0\MilkApiManager.Tests.dll" adapterTypeName="executor://xunit/VsTestRunner2/netcoreapp" className="MilkApiManager.Tests.Controllers.BlacklistControllerTests" name="UpdateBlacklist_InvalidAction_ReturnsBadRequest" />
    </UnitTest>
    <UnitTest name="MilkApiManager.Tests.Controllers.RouteControllerTests.CreateRoute_ValidConfig_Returns201" storage="d:\tedtv_github\milk-api-manager-system\backend\milkapimanager.tests\bin\debug\net8.0\milkapimanager.tests.dll" id="8558042f-5426-e996-6b1d-e2b2fa85119d">
      <Execution id="2e770faa-4470-4514-a053-2413800cb686" />
      <TestMethod codeBase="D:\tedtv_github\milk-api-manager-system\backend\MilkApiManager.Tests\bin\Debug\net8.0\MilkApiManager.Tests.dll" adapterTypeName="executor://xunit/VsTestRunner2/netcoreapp" className="MilkApiManager.Tests.Controllers.RouteControllerTests" name="CreateRoute_ValidConfig_Returns201" />
    </UnitTest>
    <UnitTest name="MilkApiManager.Tests.Controllers.KeysControllerTests.CreateKey_EmptyOwner_ReturnsBadRequest" storage="d:\tedtv_github\milk-api-manager-system\backend\milkapimanager.tests\bin\debug\net8.0\milkapimanager.tests.dll" id="7eab8404-cbf1-7039-27da-f394678f7239">
      <Execution id="f5c9c31b-a16b-418d-9281-af8a19b2fb85" />
      <TestMethod codeBase="D:\tedtv_github\milk-api-manager-system\backend\MilkApiManager.Tests\bin\Debug\net8.0\MilkApiManager.Tests.dll" adapterTypeName="executor://xunit/VsTestRunner2/netcoreapp" className="MilkApiManager.Tests.Controllers.KeysControllerTests" name="CreateKey_EmptyOwner_ReturnsBadRequest" />
    </UnitTest>
    <UnitTest name="MilkApiManager.Tests.Controllers.AnalyticsControllerTests.GetRequests_30MinRange_Uses1mStep" storage="d:\tedtv_github\milk-api-manager-system\backend\milkapimanager.tests\bin\debug\net8.0\milkapimanager.tests.dll" id="3bfeef27-ed8e-1a20-81a1-47743f6cee91">
      <Execution id="fc1f5f5d-01aa-4ace-86b1-1216f600edea" />
      <TestMethod codeBase="D:\tedtv_github\milk-api-manager-system\backend\MilkApiManager.Tests\bin\Debug\net8.0\MilkApiManager.Tests.dll" adapterTypeName="executor://xunit/VsTestRunner2/netcoreapp" className="MilkApiManager.Tests.Controllers.AnalyticsControllerTests" name="GetRequests_30MinRange_Uses1mStep" />
    </UnitTest>
    <UnitTest name="MilkApiManager.Tests.Controllers.BlacklistControllerTests.UpdateBlacklist_EmptyIp_ReturnsBadRequest" storage="d:\tedtv_github\milk-api-manager-system\backend\milkapimanager.tests\bin\debug\net8.0\milkapimanager.tests.dll" id="3bfb4045-20a9-5a98-0ec9-5957e78a26d3">
      <Execution id="81cafaf5-36cb-4f22-9510-275b86fc7c23" />
      <TestMethod codeBase="D:\tedtv_github\milk-api-manager-system\backend\MilkApiManager.Tests\bin\Debug\net8.0\MilkApiManager.Tests.dll" adapterTypeName="executor://xunit/VsTestRunner2/netcoreapp" className="MilkApiManager.Tests.Controllers.BlacklistControllerTests" name="UpdateBlacklist_EmptyIp_ReturnsBadRequest" />
    </UnitTest>
    <UnitTest name="MilkApiManager.Tests.Services.VaultServiceTests.RotateApiKeyAsync_ConsumerNotFound_ThrowsException" storage="d:\tedtv_github\milk-api-manager-system\backend\milkapimanager.tests\bin\debug\net8.0\milkapimanager.tests.dll" id="bde5c2bf-f32f-070d-8aff-1df3c60f213c">
      <Execution id="955cd1d0-1a23-4666-aa9f-491fdb16309d" />
      <TestMethod codeBase="D:\tedtv_github\milk-api-manager-system\backend\MilkApiManager.Tests\bin\Debug\net8.0\MilkApiManager.Tests.dll" adapterTypeName="executor://xunit/VsTestRunner2/netcoreapp" className="MilkApiManager.Tests.Services.VaultServiceTests" name="RotateApiKeyAsync_ConsumerNotFound_ThrowsException" />
    </UnitTest>
    <UnitTest name="MilkApiManager.Tests.Controllers.AnalyticsControllerTests.GetRequests_WithConsumerFilter_PassesCorrectQuery" storage="d:\tedtv_github\milk-api-manager-system\backend\milkapimanager.tests\bin\debug\net8.0\milkapimanager.tests.dll" id="110106ff-6a89-ffa1-a9f3-2cac0d82a207">
      <Execution id="efa04d6b-ff76-4c9a-b160-27d422ade956" />
      <TestMethod codeBase="D:\tedtv_github\milk-api-manager-system\backend\MilkApiManager.Tests\bin\Debug\net8.0\MilkApiManager.Tests.dll" adapterTypeName="executor://xunit/VsTestRunner2/netcoreapp" className="MilkApiManager.Tests.Controllers.AnalyticsControllerTests" name="GetRequests_WithConsumerFilter_PassesCorrectQuery" />
    </UnitTest>
    <UnitTest name="MilkApiManager.Tests.Controllers.BlacklistControllerTests.UpdateBlacklist_AddIp_Success" storage="d:\tedtv_github\milk-api-manager-system\backend\milkapimanager.tests\bin\debug\net8.0\milkapimanager.tests.dll" id="3a84ee62-fea2-fe62-213b-6c3075a5b626">
      <Execution id="274be87f-e706-40f4-b09e-c51ec02c130f" />
      <TestMethod codeBase="D:\tedtv_github\milk-api-manager-system\backend\MilkApiManager.Tests\bin\Debug\net8.0\MilkApiManager.Tests.dll" adapterTypeName="executor://xunit/VsTestRunner2/netcoreapp" className="MilkApiManager.Tests.Controllers.BlacklistControllerTests" name="UpdateBlacklist_AddIp_Success" />
    </UnitTest>
    <UnitTest name="MilkApiManager.Tests.Controllers.RouteControllerTests.GetRoute_ExistingId_ReturnsOk" storage="d:\tedtv_github\milk-api-manager-system\backend\milkapimanager.tests\bin\debug\net8.0\milkapimanager.tests.dll" id="5ee4af1b-ea62-e2c1-2859-997484dfe483">
      <Execution id="032e0817-ddbb-4783-9e6b-dd5c8a38a219" />
      <TestMethod codeBase="D:\tedtv_github\milk-api-manager-system\backend\MilkApiManager.Tests\bin\Debug\net8.0\MilkApiManager.Tests.dll" adapterTypeName="executor://xunit/VsTestRunner2/netcoreapp" className="MilkApiManager.Tests.Controllers.RouteControllerTests" name="GetRoute_ExistingId_ReturnsOk" />
    </UnitTest>
    <UnitTest name="MilkApiManager.Tests.Services.VaultServiceTests.StoreSecretAsync_ReturnsVaultVersion" storage="d:\tedtv_github\milk-api-manager-system\backend\milkapimanager.tests\bin\debug\net8.0\milkapimanager.tests.dll" id="e287b8f7-92fb-0bb2-cc96-0975fc0cbda0">
      <Execution id="46175895-1f30-458c-afa6-d8536f65d303" />
      <TestMethod codeBase="D:\tedtv_github\milk-api-manager-system\backend\MilkApiManager.Tests\bin\Debug\net8.0\MilkApiManager.Tests.dll" adapterTypeName="executor://xunit/VsTestRunner2/netcoreapp" className="MilkApiManager.Tests.Services.VaultServiceTests" name="StoreSecretAsync_ReturnsVaultVersion" />
    </UnitTest>
    <UnitTest name="MilkApiManager.Tests.Controllers.AnalyticsControllerTests.GetRequests_DefaultQuery_ReturnsOk" storage="d:\tedtv_github\milk-api-manager-system\backend\milkapimanager.tests\bin\debug\net8.0\milkapimanager.tests.dll" id="370d7081-d79c-5f4a-cbb0-b5acb049e9f0">
      <Execution id="305d6224-c4ad-44db-acd7-0f4c4d48486d" />
      <TestMethod codeBase="D:\tedtv_github\milk-api-manager-system\backend\MilkApiManager.Tests\bin\Debug\net8.0\MilkApiManager.Tests.dll" adapterTypeName="executor://xunit/VsTestRunner2/netcoreapp" className="MilkApiManager.Tests.Controllers.AnalyticsControllerTests" name="GetRequests_DefaultQuery_ReturnsOk" />
    </UnitTest>
    <UnitTest name="MilkApiManager.Tests.Controllers.ConsumerControllerTests.UpdateConsumer_ValidData_ReturnsOk" storage="d:\tedtv_github\milk-api-manager-system\backend\milkapimanager.tests\bin\debug\net8.0\milkapimanager.tests.dll" id="cdbdfb8e-d2d9-37d6-7d06-bb5d7f10b45f">
      <Execution id="642ca7f5-dfa0-452c-9c11-6fe3b90cd7ac" />
      <TestMethod codeBase="D:\tedtv_github\milk-api-manager-system\backend\MilkApiManager.Tests\bin\Debug\net8.0\MilkApiManager.Tests.dll" adapterTypeName="executor://xunit/VsTestRunner2/netcoreapp" className="MilkApiManager.Tests.Controllers.ConsumerControllerTests" name="UpdateConsumer_ValidData_ReturnsOk" />
    </UnitTest>
    <UnitTest name="MilkApiManager.Tests.Controllers.RouteControllerTests.DeleteRoute_OnException_Returns500" storage="d:\tedtv_github\milk-api-manager-system\backend\milkapimanager.tests\bin\debug\net8.0\milkapimanager.tests.dll" id="5e0cb60b-7d31-9b7c-269b-81895e1c71bb">
      <Execution id="412c71fd-c9f5-4157-bf3c-65f2aa9e114b" />
      <TestMethod codeBase="D:\tedtv_github\milk-api-manager-system\backend\MilkApiManager.Tests\bin\Debug\net8.0\MilkApiManager.Tests.dll" adapterTypeName="executor://xunit/VsTestRunner2/netcoreapp" className="MilkApiManager.Tests.Controllers.RouteControllerTests" name="DeleteRoute_OnException_Returns500" />
    </UnitTest>
    <UnitTest name="MilkApiManager.Tests.Controllers.KeysControllerTests.RotateKey_ConsumerNotFound_ReturnsBadRequest" storage="d:\tedtv_github\milk-api-manager-system\backend\milkapimanager.tests\bin\debug\net8.0\milkapimanager.tests.dll" id="b5c78d46-3501-2b25-ab10-329aed49f601">
      <Execution id="545527ba-78b3-45ad-99a1-2d7d2c953c93" />
      <TestMethod codeBase="D:\tedtv_github\milk-api-manager-system\backend\MilkApiManager.Tests\bin\Debug\net8.0\MilkApiManager.Tests.dll" adapterTypeName="executor://xunit/VsTestRunner2/netcoreapp" className="MilkApiManager.Tests.Controllers.KeysControllerTests" name="RotateKey_ConsumerNotFound_ReturnsBadRequest" />
    </UnitTest>
    <UnitTest name="MilkApiManager.Tests.Controllers.ConsumerControllerTests.DeleteConsumer_ValidUsername_ReturnsNoContent" storage="d:\tedtv_github\milk-api-manager-system\backend\milkapimanager.tests\bin\debug\net8.0\milkapimanager.tests.dll" id="e65cf953-889d-aed2-d800-b925c27e2698">
      <Execution id="c3a3d8f8-8505-461f-b504-8d227e66aab8" />
      <TestMethod codeBase="D:\tedtv_github\milk-api-manager-system\backend\MilkApiManager.Tests\bin\Debug\net8.0\MilkApiManager.Tests.dll" adapterTypeName="executor://xunit/VsTestRunner2/netcoreapp" className="MilkApiManager.Tests.Controllers.ConsumerControllerTests" name="DeleteConsumer_ValidUsername_ReturnsNoContent" />
    </UnitTest>
    <UnitTest name="MilkApiManager.Tests.Services.SecurityAutomationServiceTests.BlockMaliciousIP_UpdatesGlobalPlugin" storage="d:\tedtv_github\milk-api-manager-system\backend\milkapimanager.tests\bin\debug\net8.0\milkapimanager.tests.dll" id="48939886-2610-bfa9-5a1a-4f6bca067171">
      <Execution id="99113c94-9b9b-4980-9aaf-9f2028fee320" />
      <TestMethod codeBase="D:\tedtv_github\milk-api-manager-system\backend\MilkApiManager.Tests\bin\Debug\net8.0\MilkApiManager.Tests.dll" adapterTypeName="executor://xunit/VsTestRunner2/netcoreapp" className="MilkApiManager.Tests.Services.SecurityAutomationServiceTests" name="BlockMaliciousIP_UpdatesGlobalPlugin" />
    </UnitTest>
    <UnitTest name="MilkApiManager.Tests.Controllers.RouteControllerTests.GetRoute_NotFound_ReturnsNotFound" storage="d:\tedtv_github\milk-api-manager-system\backend\milkapimanager.tests\bin\debug\net8.0\milkapimanager.tests.dll" id="cf7dfd20-217b-7fe3-4df1-e60907a8898a">
      <Execution id="266cae74-a859-4211-aa59-ee51cbf46d33" />
      <TestMethod codeBase="D:\tedtv_github\milk-api-manager-system\backend\MilkApiManager.Tests\bin\Debug\net8.0\MilkApiManager.Tests.dll" adapterTypeName="executor://xunit/VsTestRunner2/netcoreapp" className="MilkApiManager.Tests.Controllers.RouteControllerTests" name="GetRoute_NotFound_ReturnsNotFound" />
    </UnitTest>
    <UnitTest name="MilkApiManager.Tests.Controllers.KeysControllerTests.RotateKey_ValidConsumer_ReturnsOk" storage="d:\tedtv_github\milk-api-manager-system\backend\milkapimanager.tests\bin\debug\net8.0\milkapimanager.tests.dll" id="a2bb1cc4-140f-4800-98f6-acd08441c65e">
      <Execution id="62697c12-f9e1-4207-8f12-3430e6a8e5ae" />
      <TestMethod codeBase="D:\tedtv_github\milk-api-manager-system\backend\MilkApiManager.Tests\bin\Debug\net8.0\MilkApiManager.Tests.dll" adapterTypeName="executor://xunit/VsTestRunner2/netcoreapp" className="MilkApiManager.Tests.Controllers.KeysControllerTests" name="RotateKey_ValidConsumer_ReturnsOk" />
    </UnitTest>
    <UnitTest name="MilkApiManager.Tests.Controllers.BlacklistControllerTests.UpdateBlacklist_NullRequest_ReturnsBadRequest" storage="d:\tedtv_github\milk-api-manager-system\backend\milkapimanager.tests\bin\debug\net8.0\milkapimanager.tests.dll" id="edd88934-1c5f-ff54-4d3f-96b2d317d4e5">
      <Execution id="d4ef2ab6-49c7-4224-a460-f6e96b142156" />
      <TestMethod codeBase="D:\tedtv_github\milk-api-manager-system\backend\MilkApiManager.Tests\bin\Debug\net8.0\MilkApiManager.Tests.dll" adapterTypeName="executor://xunit/VsTestRunner2/netcoreapp" className="MilkApiManager.Tests.Controllers.BlacklistControllerTests" name="UpdateBlacklist_NullRequest_ReturnsBadRequest" />
    </UnitTest>
    <UnitTest name="MilkApiManager.Tests.Controllers.BlacklistControllerTests.GetBlacklist_WithoutDbPersistence_ReturnsApisixData" storage="d:\tedtv_github\milk-api-manager-system\backend\milkapimanager.tests\bin\debug\net8.0\milkapimanager.tests.dll" id="17ffb620-7c55-ec71-d9bb-ff91adfa2120">
      <Execution id="a8c81828-b8d6-463c-bf68-ce6a146b85c9" />
      <TestMethod codeBase="D:\tedtv_github\milk-api-manager-system\backend\MilkApiManager.Tests\bin\Debug\net8.0\MilkApiManager.Tests.dll" adapterTypeName="executor://xunit/VsTestRunner2/netcoreapp" className="MilkApiManager.Tests.Controllers.BlacklistControllerTests" name="GetBlacklist_WithoutDbPersistence_ReturnsApisixData" />
    </UnitTest>
    <UnitTest name="MilkApiManager.Tests.Controllers.RouteControllerTests.UpdateRoute_NullConfig_ReturnsBadRequest" storage="d:\tedtv_github\milk-api-manager-system\backend\milkapimanager.tests\bin\debug\net8.0\milkapimanager.tests.dll" id="814b7ce3-6665-1726-8cab-b3b4b50b5ec9">
      <Execution id="71151a64-6def-4c10-bed2-62d7cefedd93" />
      <TestMethod codeBase="D:\tedtv_github\milk-api-manager-system\backend\MilkApiManager.Tests\bin\Debug\net8.0\MilkApiManager.Tests.dll" adapterTypeName="executor://xunit/VsTestRunner2/netcoreapp" className="MilkApiManager.Tests.Controllers.RouteControllerTests" name="UpdateRoute_NullConfig_ReturnsBadRequest" />
    </UnitTest>
    <UnitTest name="MilkApiManager.Tests.Controllers.BlacklistControllerTests.GetBlacklist_WithDbPersistence_ReturnsDbEntries" storage="d:\tedtv_github\milk-api-manager-system\backend\milkapimanager.tests\bin\debug\net8.0\milkapimanager.tests.dll" id="b8459eec-149a-be21-ebc9-9b933f954f8f">
      <Execution id="68084c76-0c09-4113-8094-7b95f52fdf0a" />
      <TestMethod codeBase="D:\tedtv_github\milk-api-manager-system\backend\MilkApiManager.Tests\bin\Debug\net8.0\MilkApiManager.Tests.dll" adapterTypeName="executor://xunit/VsTestRunner2/netcoreapp" className="MilkApiManager.Tests.Controllers.BlacklistControllerTests" name="GetBlacklist_WithDbPersistence_ReturnsDbEntries" />
    </UnitTest>
    <UnitTest name="MilkApiManager.Tests.Controllers.RouteControllerTests.GetRoutes_ReturnsOk" storage="d:\tedtv_github\milk-api-manager-system\backend\milkapimanager.tests\bin\debug\net8.0\milkapimanager.tests.dll" id="94170f4d-354a-76ad-996e-a4ab1a6d4701">
      <Execution id="10dcadec-8fdd-48b2-bde2-af003e0b4176" />
      <TestMethod codeBase="D:\tedtv_github\milk-api-manager-system\backend\MilkApiManager.Tests\bin\Debug\net8.0\MilkApiManager.Tests.dll" adapterTypeName="executor://xunit/VsTestRunner2/netcoreapp" className="MilkApiManager.Tests.Controllers.RouteControllerTests" name="GetRoutes_ReturnsOk" />
    </UnitTest>
    <UnitTest name="MilkApiManager.Tests.Controllers.KeysControllerTests.CreateKey_NullRequest_ReturnsBadRequest" storage="d:\tedtv_github\milk-api-manager-system\backend\milkapimanager.tests\bin\debug\net8.0\milkapimanager.tests.dll" id="289cfbcf-dc45-5944-6208-a749ef3d07d9">
      <Execution id="2c671ee1-7f84-4486-8958-aa171f54c3a1" />
      <TestMethod codeBase="D:\tedtv_github\milk-api-manager-system\backend\MilkApiManager.Tests\bin\Debug\net8.0\MilkApiManager.Tests.dll" adapterTypeName="executor://xunit/VsTestRunner2/netcoreapp" className="MilkApiManager.Tests.Controllers.KeysControllerTests" name="CreateKey_NullRequest_ReturnsBadRequest" />
    </UnitTest>
    <UnitTest name="MilkApiManager.Tests.Controllers.BlacklistControllerTests.UpdateBlacklist_RemoveIp_Success" storage="d:\tedtv_github\milk-api-manager-system\backend\milkapimanager.tests\bin\debug\net8.0\milkapimanager.tests.dll" id="05ef748c-2f79-f6de-a6a8-92289af8d519">
      <Execution id="0389e62a-d4ed-47dc-9a75-9a3d78e57478" />
      <TestMethod codeBase="D:\tedtv_github\milk-api-manager-system\backend\MilkApiManager.Tests\bin\Debug\net8.0\MilkApiManager.Tests.dll" adapterTypeName="executor://xunit/VsTestRunner2/netcoreapp" className="MilkApiManager.Tests.Controllers.BlacklistControllerTests" name="UpdateBlacklist_RemoveIp_Success" />
    </UnitTest>
    <UnitTest name="MilkApiManager.Tests.Controllers.ConsumerControllerTests.GetConsumers_ReturnsOk_WithConsumerList" storage="d:\tedtv_github\milk-api-manager-system\backend\milkapimanager.tests\bin\debug\net8.0\milkapimanager.tests.dll" id="d36d8574-0208-cc2a-7af3-d62933230c52">
      <Execution id="f554129b-c6e1-4f57-bef0-d72d797d0fcf" />
      <TestMethod codeBase="D:\tedtv_github\milk-api-manager-system\backend\MilkApiManager.Tests\bin\Debug\net8.0\MilkApiManager.Tests.dll" adapterTypeName="executor://xunit/VsTestRunner2/netcoreapp" className="MilkApiManager.Tests.Controllers.ConsumerControllerTests" name="GetConsumers_ReturnsOk_WithConsumerList" />
    </UnitTest>
    <UnitTest name="MilkApiManager.Tests.Controllers.ConsumerControllerTests.GetConsumers_OnException_Returns500" storage="d:\tedtv_github\milk-api-manager-system\backend\milkapimanager.tests\bin\debug\net8.0\milkapimanager.tests.dll" id="7b53913e-db83-f932-293a-4c4a6540abd8">
      <Execution id="61b14e61-0b73-4a4b-9e06-875ee97576f3" />
      <TestMethod codeBase="D:\tedtv_github\milk-api-manager-system\backend\MilkApiManager.Tests\bin\Debug\net8.0\MilkApiManager.Tests.dll" adapterTypeName="executor://xunit/VsTestRunner2/netcoreapp" className="MilkApiManager.Tests.Controllers.ConsumerControllerTests" name="GetConsumers_OnException_Returns500" />
    </UnitTest>
    <UnitTest name="MilkApiManager.Tests.Controllers.AnalyticsControllerTests.GetLatency_ReturnsOk" storage="d:\tedtv_github\milk-api-manager-system\backend\milkapimanager.tests\bin\debug\net8.0\milkapimanager.tests.dll" id="bccbbaae-beea-e322-af21-53e75d3fc408">
      <Execution id="ddeea0e3-c57f-4b47-9eea-954161d82ab2" />
      <TestMethod codeBase="D:\tedtv_github\milk-api-manager-system\backend\MilkApiManager.Tests\bin\Debug\net8.0\MilkApiManager.Tests.dll" adapterTypeName="executor://xunit/VsTestRunner2/netcoreapp" className="MilkApiManager.Tests.Controllers.AnalyticsControllerTests" name="GetLatency_ReturnsOk" />
    </UnitTest>
    <UnitTest name="MilkApiManager.Tests.Services.VaultServiceTests.RotateApiKeyAsync_ValidConsumer_ReturnsNewKey" storage="d:\tedtv_github\milk-api-manager-system\backend\milkapimanager.tests\bin\debug\net8.0\milkapimanager.tests.dll" id="a47346ea-59d6-3290-22bb-209b987ff2f0">
      <Execution id="898f8c06-86ae-4d6c-a10e-76d79785835a" />
      <TestMethod codeBase="D:\tedtv_github\milk-api-manager-system\backend\MilkApiManager.Tests\bin\Debug\net8.0\MilkApiManager.Tests.dll" adapterTypeName="executor://xunit/VsTestRunner2/netcoreapp" className="MilkApiManager.Tests.Services.VaultServiceTests" name="RotateApiKeyAsync_ValidConsumer_ReturnsNewKey" />
    </UnitTest>
  </TestDefinitions>
  <TestEntries>
    <TestEntry testId="b5c78d46-3501-2b25-ab10-329aed49f601" executionId="545527ba-78b3-45ad-99a1-2d7d2c953c93" testListId="8c84fa94-04c1-424b-9868-57a2d4851a1d" />
    <TestEntry testId="a47346ea-59d6-3290-22bb-209b987ff2f0" executionId="898f8c06-86ae-4d6c-a10e-76d79785835a" testListId="8c84fa94-04c1-424b-9868-57a2d4851a1d" />
    <TestEntry testId="8558042f-5426-e996-6b1d-e2b2fa85119d" executionId="2e770faa-4470-4514-a053-2413800cb686" testListId="8c84fa94-04c1-424b-9868-57a2d4851a1d" />
    <TestEntry testId="bccbbaae-beea-e322-af21-53e75d3fc408" executionId="ddeea0e3-c57f-4b47-9eea-954161d82ab2" testListId="8c84fa94-04c1-424b-9868-57a2d4851a1d" />
    <TestEntry testId="27c418af-6c9d-d1e9-eb04-f83c7936c883" executionId="61e2af42-a5c6-46f7-abf0-93451ee2f3bc" testListId="8c84fa94-04c1-424b-9868-57a2d4851a1d" />
    <TestEntry testId="26411c7b-09b9-c413-c882-bd42cb05231b" executionId="191702f3-c87f-499f-b8dc-9405822f7e7b" testListId="8c84fa94-04c1-424b-9868-57a2d4851a1d" />
    <TestEntry testId="b8459eec-149a-be21-ebc9-9b933f954f8f" executionId="68084c76-0c09-4113-8094-7b95f52fdf0a" testListId="8c84fa94-04c1-424b-9868-57a2d4851a1d" />
    <TestEntry testId="370d7081-d79c-5f4a-cbb0-b5acb049e9f0" executionId="305d6224-c4ad-44db-acd7-0f4c4d48486d" testListId="8c84fa94-04c1-424b-9868-57a2d4851a1d" />
    <TestEntry testId="d36d8574-0208-cc2a-7af3-d62933230c52" executionId="f554129b-c6e1-4f57-bef0-d72d797d0fcf" testListId="8c84fa94-04c1-424b-9868-57a2d4851a1d" />
    <TestEntry testId="6b60f256-0e87-f397-6804-dd266e5ecc8b" executionId="23953dbc-3c09-4f10-b07a-f2adca44e6e5" testListId="8c84fa94-04c1-424b-9868-57a2d4851a1d" />
    <TestEntry testId="17ffb620-7c55-ec71-d9bb-ff91adfa2120" executionId="a8c81828-b8d6-463c-bf68-ce6a146b85c9" testListId="8c84fa94-04c1-424b-9868-57a2d4851a1d" />
    <TestEntry testId="48939886-2610-bfa9-5a1a-4f6bca067171" executionId="99113c94-9b9b-4980-9aaf-9f2028fee320" testListId="8c84fa94-04c1-424b-9868-57a2d4851a1d" />
    <TestEntry testId="5ee4af1b-ea62-e2c1-2859-997484dfe483" executionId="032e0817-ddbb-4783-9e6b-dd5c8a38a219" testListId="8c84fa94-04c1-424b-9868-57a2d4851a1d" />
    <TestEntry testId="58c4f78c-cffc-0fa4-ff0b-5a8c9f7dfd25" executionId="d5b4b80a-7e4a-49a0-9a0a-c7b81e0018ba" testListId="8c84fa94-04c1-424b-9868-57a2d4851a1d" />
    <TestEntry testId="289cfbcf-dc45-5944-6208-a749ef3d07d9" executionId="2c671ee1-7f84-4486-8958-aa171f54c3a1" testListId="8c84fa94-04c1-424b-9868-57a2d4851a1d" />
    <TestEntry testId="edd88934-1c5f-ff54-4d3f-96b2d317d4e5" executionId="d4ef2ab6-49c7-4224-a460-f6e96b142156" testListId="8c84fa94-04c1-424b-9868-57a2d4851a1d" />
    <TestEntry testId="27ffc991-1d89-21e1-ab97-51da2dc12093" executionId="403f93b5-ed3a-4304-b21e-7afc98b5e95f" testListId="8c84fa94-04c1-424b-9868-57a2d4851a1d" />
    <TestEntry testId="7b53913e-db83-f932-293a-4c4a6540abd8" executionId="61b14e61-0b73-4a4b-9e06-875ee97576f3" testListId="8c84fa94-04c1-424b-9868-57a2d4851a1d" />
    <TestEntry testId="82c2e491-1a42-73fd-f751-39957ddf0284" executionId="4ae705ff-7d15-4b38-b654-bdb615ec4c81" testListId="8c84fa94-04c1-424b-9868-57a2d4851a1d" />
    <TestEntry testId="bde5c2bf-f32f-070d-8aff-1df3c60f213c" executionId="955cd1d0-1a23-4666-aa9f-491fdb16309d" testListId="8c84fa94-04c1-424b-9868-57a2d4851a1d" />
    <TestEntry testId="1eccb42e-70c7-47aa-2523-f16f35ecaf7b" executionId="1a073cd3-c554-40c6-b6ca-d0331d258d17" testListId="8c84fa94-04c1-424b-9868-57a2d4851a1d" />
    <TestEntry testId="e494bac7-a81f-608c-c1ca-c0f81c3d6290" executionId="a1f9e6e8-4989-4edb-bf0c-347482a8eec6" testListId="8c84fa94-04c1-424b-9868-57a2d4851a1d" />
    <TestEntry testId="e65cf953-889d-aed2-d800-b925c27e2698" executionId="c3a3d8f8-8505-461f-b504-8d227e66aab8" testListId="8c84fa94-04c1-424b-9868-57a2d4851a1d" />
    <TestEntry testId="3bfeef27-ed8e-1a20-81a1-47743f6cee91" executionId="fc1f5f5d-01aa-4ace-86b1-1216f600edea" testListId="8c84fa94-04c1-424b-9868-57a2d4851a1d" />
    <TestEntry testId="05ef748c-2f79-f6de-a6a8-92289af8d519" executionId="0389e62a-d4ed-47dc-9a75-9a3d78e57478" testListId="8c84fa94-04c1-424b-9868-57a2d4851a1d" />
    <TestEntry testId="beaa704d-5f7e-744f-aa6b-6b335c446ea3" executionId="666c4043-63e8-446a-abe9-b48325b81a0d" testListId="8c84fa94-04c1-424b-9868-57a2d4851a1d" />
    <TestEntry testId="9a42b642-59ef-5e88-e9ab-d6b051ed7f14" executionId="0fc0cd23-fc1b-4b7c-9f7d-0e6de0ea50ee" testListId="8c84fa94-04c1-424b-9868-57a2d4851a1d" />
    <TestEntry testId="5e0cb60b-7d31-9b7c-269b-81895e1c71bb" executionId="412c71fd-c9f5-4157-bf3c-65f2aa9e114b" testListId="8c84fa94-04c1-424b-9868-57a2d4851a1d" />
    <TestEntry testId="436f838a-f834-c168-2b5f-1cae83e1dff7" executionId="5923cd2b-0142-4a03-a2b0-02724b992c6e" testListId="8c84fa94-04c1-424b-9868-57a2d4851a1d" />
    <TestEntry testId="50abf8f7-1597-2f0c-9ae5-bda1633d807a" executionId="13ffc9b0-d15e-4f75-921a-9b3b7c206fff" testListId="8c84fa94-04c1-424b-9868-57a2d4851a1d" />
    <TestEntry testId="814b7ce3-6665-1726-8cab-b3b4b50b5ec9" executionId="71151a64-6def-4c10-bed2-62d7cefedd93" testListId="8c84fa94-04c1-424b-9868-57a2d4851a1d" />
    <TestEntry testId="d722efba-a895-15b2-2e76-a6c7212a6ca3" executionId="4d372b90-7918-49cf-ac91-fdb63eed782a" testListId="8c84fa94-04c1-424b-9868-57a2d4851a1d" />
    <TestEntry testId="cdbdfb8e-d2d9-37d6-7d06-bb5d7f10b45f" executionId="642ca7f5-dfa0-452c-9c11-6fe3b90cd7ac" testListId="8c84fa94-04c1-424b-9868-57a2d4851a1d" />
    <TestEntry testId="8cf132ed-98ed-182d-bce0-822650c102f3" executionId="098d3e53-d52a-4399-82d3-067e95339e48" testListId="8c84fa94-04c1-424b-9868-57a2d4851a1d" />
    <TestEntry testId="3bfb4045-20a9-5a98-0ec9-5957e78a26d3" executionId="81cafaf5-36cb-4f22-9510-275b86fc7c23" testListId="8c84fa94-04c1-424b-9868-57a2d4851a1d" />
    <TestEntry testId="e933aab0-3972-a552-08b0-3eca228605a2" executionId="ffbf5109-eabf-4691-8753-6bd926d3ae7f" testListId="8c84fa94-04c1-424b-9868-57a2d4851a1d" />
    <TestEntry testId="e287b8f7-92fb-0bb2-cc96-0975fc0cbda0" executionId="46175895-1f30-458c-afa6-d8536f65d303" testListId="8c84fa94-04c1-424b-9868-57a2d4851a1d" />
    <TestEntry testId="110106ff-6a89-ffa1-a9f3-2cac0d82a207" executionId="efa04d6b-ff76-4c9a-b160-27d422ade956" testListId="8c84fa94-04c1-424b-9868-57a2d4851a1d" />
    <TestEntry testId="a1930016-3903-52e5-425e-5ff328905ac4" executionId="2cc10524-f0b9-4008-b157-54ca43c5f2da" testListId="8c84fa94-04c1-424b-9868-57a2d4851a1d" />
    <TestEntry testId="3a84ee62-fea2-fe62-213b-6c3075a5b626" executionId="274be87f-e706-40f4-b09e-c51ec02c130f" testListId="8c84fa94-04c1-424b-9868-57a2d4851a1d" />
    <TestEntry testId="a2bb1cc4-140f-4800-98f6-acd08441c65e" executionId="62697c12-f9e1-4207-8f12-3430e6a8e5ae" testListId="8c84fa94-04c1-424b-9868-57a2d4851a1d" />
    <TestEntry testId="7eab8404-cbf1-7039-27da-f394678f7239" executionId="f5c9c31b-a16b-418d-9281-af8a19b2fb85" testListId="8c84fa94-04c1-424b-9868-57a2d4851a1d" />
    <TestEntry testId="94170f4d-354a-76ad-996e-a4ab1a6d4701" executionId="10dcadec-8fdd-48b2-bde2-af003e0b4176" testListId="8c84fa94-04c1-424b-9868-57a2d4851a1d" />
    <TestEntry testId="cf7dfd20-217b-7fe3-4df1-e60907a8898a" executionId="266cae74-a859-4211-aa59-ee51cbf46d33" testListId="8c84fa94-04c1-424b-9868-57a2d4851a1d" />
  </TestEntries>
  <TestLists>
    <TestList name="不在清單中的結果" id="8c84fa94-04c1-424b-9868-57a2d4851a1d" />
    <TestList name="所有載入的結果" id="19431567-8539-422a-85d7-44ee4e166bda" />
  </TestLists>
  <ResultSummary outcome="Completed">
    <Counters total="44" executed="44" passed="44" failed="0" error="0" timeout="0" aborted="0" inconclusive="0" passedButRunAborted="0" notRunnable="0" notExecuted="0" disconnected="0" warning="0" completed="0" inProgress="0" pending="0" />
    <Output>
      <StdOut>[xUnit.net 00:00:00.00] xUnit.net VSTest Adapter v2.5.3.1+6b60a9e56a (64-bit .NET 8.0.23)&#xD;
[xUnit.net 00:00:00.06]   Discovering: MilkApiManager.Tests&#xD;
[xUnit.net 00:00:00.09]   Discovered:  MilkApiManager.Tests&#xD;
[xUnit.net 00:00:00.09]   Starting:    MilkApiManager.Tests&#xD;
[SECURITY] �����첧�`�y�q�AIP: 10.0.0.99, ��]: DDoS attack. ����۰ʪ��_...&#xD;
[xUnit.net 00:00:00.65]   Finished:    MilkApiManager.Tests&#xD;
</StdOut>
    </Output>
  </ResultSummary>
</TestRun>