<?xml version="1.0" encoding="utf-8"?>
<TestRun id="bf2520c1-23b6-42e9-adb0-7d52b2693303" name="fdjy1@TEDMIBOOK 2026-02-13 22:03:09" runUser="TEDMIBOOK\fdjy1" xmlns="http://microsoft.com/schemas/VisualStudio/TeamTest/2010">
  <Times creation="2026-02-13T22:03:09.0795821+08:00" queuing="2026-02-13T22:03:09.0795825+08:00" start="2026-02-13T22:03:08.1003235+08:00" finish="2026-02-13T22:03:09.5699383+08:00" />
  <TestSettings name="default" id="6d11deea-2be0-4828-b59f-dc9ff2339044">
    <Deployment runDeploymentRoot="fdjy1_TEDMIBOOK_2026-02-13_22_03_09" />
  </TestSettings>
  <Results>
    <UnitTestResult executionId="998fa5cc-dabc-47b0-9fde-401d09a2e4a3" testId="7b53913e-db83-f932-293a-4c4a6540abd8" testName="MilkApiManager.Tests.Controllers.ConsumerControllerTests.GetConsumers_OnException_Returns500" computerName="TEDMIBOOK" duration="00:00:00.1166758" startTime="2026-02-13T22:03:09.0442950+08:00" endTime="2026-02-13T22:03:09.0442950+08:00" testType="13cdc9d9-ddb5-4fa4-a97d-d965ccfc6d4b" outcome="Passed" testListId="8c84fa94-04c1-424b-9868-57a2d4851a1d" relativeResultsDirectory="998fa5cc-dabc-47b0-9fde-401d09a2e4a3" />
    <UnitTestResult executionId="a974cb1e-b9c1-4e9a-bf68-66c3d6d264b8" testId="26411c7b-09b9-c413-c882-bd42cb05231b" testName="MilkApiManager.Tests.Controllers.KeysControllerTests.CreateKey_ValidRequest_ReturnsCreated" computerName="TEDMIBOOK" duration="00:00:00.0043805" startTime="2026-02-13T22:03:09.0455573+08:00" endTime="2026-02-13T22:03:09.0455573+08:00" testType="13cdc9d9-ddb5-4fa4-a97d-d965ccfc6d4b" outcome="Passed" testListId="8c84fa94-04c1-424b-9868-57a2d4851a1d" relativeResultsDirectory="a974cb1e-b9c1-4e9a-bf68-66c3d6d264b8" />
    <UnitTestResult executionId="d42054b1-f881-4dee-b1e4-afc376c228c1" testId="7eab8404-cbf1-7039-27da-f394678f7239" testName="MilkApiManager.Tests.Controllers.KeysControllerTests.CreateKey_EmptyOwner_ReturnsBadRequest" computerName="TEDMIBOOK" duration="00:00:00.0918984" startTime="2026-02-13T22:03:09.0058987+08:00" endTime="2026-02-13T22:03:09.0059326+08:00" testType="13cdc9d9-ddb5-4fa4-a97d-d965ccfc6d4b" outcome="Passed" testListId="8c84fa94-04c1-424b-9868-57a2d4851a1d" relativeResultsDirectory="d42054b1-f881-4dee-b1e4-afc376c228c1" />
    <UnitTestResult executionId="c6dbef31-ca20-49f9-b9ab-c624b1403c5c" testId="05ef748c-2f79-f6de-a6a8-92289af8d519" testName="MilkApiManager.Tests.Controllers.BlacklistControllerTests.UpdateBlacklist_RemoveIp_Success" computerName="TEDMIBOOK" duration="00:00:00.5620294" startTime="2026-02-13T22:03:09.4627519+08:00" endTime="2026-02-13T22:03:09.4627522+08:00" testType="13cdc9d9-ddb5-4fa4-a97d-d965ccfc6d4b" outcome="Passed" testListId="8c84fa94-04c1-424b-9868-57a2d4851a1d" relativeResultsDirectory="c6dbef31-ca20-49f9-b9ab-c624b1403c5c" />
    <UnitTestResult executionId="8c2550c6-6983-4a6e-aaf7-8cb6350b80a5" testId="814b7ce3-6665-1726-8cab-b3b4b50b5ec9" testName="MilkApiManager.Tests.Controllers.RouteControllerTests.UpdateRoute_NullConfig_ReturnsBadRequest" computerName="TEDMIBOOK" duration="00:00:00.1105596" startTime="2026-02-13T22:03:09.0111925+08:00" endTime="2026-02-13T22:03:09.0111926+08:00" testType="13cdc9d9-ddb5-4fa4-a97d-d965ccfc6d4b" outcome="Passed" testListId="8c84fa94-04c1-424b-9868-57a2d4851a1d" relativeResultsDirectory="8c2550c6-6983-4a6e-aaf7-8cb6350b80a5" />
    <UnitTestResult executionId="b42d597c-7296-4ebf-80c6-7c5cd8b0d718" testId="110106ff-6a89-ffa1-a9f3-2cac0d82a207" testName="MilkApiManager.Tests.Controllers.AnalyticsControllerTests.GetRequests_WithConsumerFilter_PassesCorrectQuery" computerName="TEDMIBOOK" duration="00:00:00.0031847" startTime="2026-02-13T22:03:09.0470559+08:00" endTime="2026-02-13T22:03:09.0470560+08:00" testType="13cdc9d9-ddb5-4fa4-a97d-d965ccfc6d4b" outcome="Passed" testListId="8c84fa94-04c1-424b-9868-57a2d4851a1d" relativeResultsDirectory="b42d597c-7296-4ebf-80c6-7c5cd8b0d718" />
    <UnitTestResult executionId="64bf1b48-bf3e-4748-9df7-acf50f90e80d" testId="94170f4d-354a-76ad-996e-a4ab1a6d4701" testName="MilkApiManager.Tests.Controllers.RouteControllerTests.GetRoutes_ReturnsOk" computerName="TEDMIBOOK" duration="00:00:00.0032622" startTime="2026-02-13T22:03:09.0470225+08:00" endTime="2026-02-13T22:03:09.0470225+08:00" testType="13cdc9d9-ddb5-4fa4-a97d-d965ccfc6d4b" outcome="Passed" testListId="8c84fa94-04c1-424b-9868-57a2d4851a1d" relativeResultsDirectory="64bf1b48-bf3e-4748-9df7-acf50f90e80d" />
    <UnitTestResult executionId="8b60fea3-4d20-43f3-9903-84e00322815e" testId="5ee4af1b-ea62-e2c1-2859-997484dfe483" testName="MilkApiManager.Tests.Controllers.RouteControllerTests.GetRoute_ExistingId_ReturnsOk" computerName="TEDMIBOOK" duration="00:00:00.0010429" startTime="2026-02-13T22:03:09.0471153+08:00" endTime="2026-02-13T22:03:09.0471154+08:00" testType="13cdc9d9-ddb5-4fa4-a97d-d965ccfc6d4b" outcome="Passed" testListId="8c84fa94-04c1-424b-9868-57a2d4851a1d" relativeResultsDirectory="8b60fea3-4d20-43f3-9903-84e00322815e" />
    <UnitTestResult executionId="da11940a-3a3b-4bc5-bb5b-f8b6d39db953" testId="cf7dfd20-217b-7fe3-4df1-e60907a8898a" testName="MilkApiManager.Tests.Controllers.RouteControllerTests.GetRoute_NotFound_ReturnsNotFound" computerName="TEDMIBOOK" duration="00:00:00.0023546" startTime="2026-02-13T22:03:09.0470827+08:00" endTime="2026-02-13T22:03:09.0470828+08:00" testType="13cdc9d9-ddb5-4fa4-a97d-d965ccfc6d4b" outcome="Passed" testListId="8c84fa94-04c1-424b-9868-57a2d4851a1d" relativeResultsDirectory="da11940a-3a3b-4bc5-bb5b-f8b6d39db953" />
    <UnitTestResult executionId="53b4ede3-82bc-4466-8087-5ea1bb64af9c" testId="bccbbaae-beea-e322-af21-53e75d3fc408" testName="MilkApiManager.Tests.Controllers.AnalyticsControllerTests.GetLatency_ReturnsOk" computerName="TEDMIBOOK" duration="00:00:00.0024821" startTime="2026-02-13T22:03:09.0471005+08:00" endTime="2026-02-13T22:03:09.0471006+08:00" testType="13cdc9d9-ddb5-4fa4-a97d-d965ccfc6d4b" outcome="Passed" testListId="8c84fa94-04c1-424b-9868-57a2d4851a1d" relativeResultsDirectory="53b4ede3-82bc-4466-8087-5ea1bb64af9c" />
    <UnitTestResult executionId="0a793a0c-7a70-4249-8bb0-09fddad1a6c8" testId="48939886-2610-bfa9-5a1a-4f6bca067171" testName="MilkApiManager.Tests.Services.SecurityAutomationServiceTests.BlockMaliciousIP_UpdatesGlobalPlugin" computerName="TEDMIBOOK" duration="00:00:00.0043245" startTime="2026-02-13T22:03:09.0470448+08:00" endTime="2026-02-13T22:03:09.0470448+08:00" testType="13cdc9d9-ddb5-4fa4-a97d-d965ccfc6d4b" outcome="Passed" testListId="8c84fa94-04c1-424b-9868-57a2d4851a1d" relativeResultsDirectory="0a793a0c-7a70-4249-8bb0-09fddad1a6c8" />
    <UnitTestResult executionId="268da0ee-15e8-47ff-9a1b-13429444cd19" testId="e494bac7-a81f-608c-c1ca-c0f81c3d6290" testName="MilkApiManager.Tests.Services.SecurityAutomationServiceTests.CheckAndRotateKeys_NearExpiryKey_DoesNotRotate" computerName="TEDMIBOOK" duration="00:00:00.0011216" startTime="2026-02-13T22:03:09.0457120+08:00" endTime="2026-02-13T22:03:09.0457121+08:00" testType="13cdc9d9-ddb5-4fa4-a97d-d965ccfc6d4b" outcome="Passed" testListId="8c84fa94-04c1-424b-9868-57a2d4851a1d" relativeResultsDirectory="268da0ee-15e8-47ff-9a1b-13429444cd19" />
    <UnitTestResult executionId="a32a07f9-3df2-41a4-bc1e-d78abb191905" testId="5e0cb60b-7d31-9b7c-269b-81895e1c71bb" testName="MilkApiManager.Tests.Controllers.RouteControllerTests.DeleteRoute_OnException_Returns500" computerName="TEDMIBOOK" duration="00:00:00.0024146" startTime="2026-02-13T22:03:09.0474872+08:00" endTime="2026-02-13T22:03:09.0474873+08:00" testType="13cdc9d9-ddb5-4fa4-a97d-d965ccfc6d4b" outcome="Passed" testListId="8c84fa94-04c1-424b-9868-57a2d4851a1d" relativeResultsDirectory="a32a07f9-3df2-41a4-bc1e-d78abb191905" />
    <UnitTestResult executionId="8db32dab-cc5c-45f9-9877-7008aa722708" testId="e933aab0-3972-a552-08b0-3eca228605a2" testName="MilkApiManager.Tests.Controllers.RouteControllerTests.CreateRoute_EmptyId_ReturnsBadRequest" computerName="TEDMIBOOK" duration="00:00:00.0007309" startTime="2026-02-13T22:03:09.0475565+08:00" endTime="2026-02-13T22:03:09.0475565+08:00" testType="13cdc9d9-ddb5-4fa4-a97d-d965ccfc6d4b" outcome="Passed" testListId="8c84fa94-04c1-424b-9868-57a2d4851a1d" relativeResultsDirectory="8db32dab-cc5c-45f9-9877-7008aa722708" />
    <UnitTestResult executionId="35677713-16ff-4aea-bd95-62f0c370ba35" testId="27ffc991-1d89-21e1-ab97-51da2dc12093" testName="MilkApiManager.Tests.Services.VaultServiceTests.GetSecretAsync_ReturnsMockSecret" computerName="TEDMIBOOK" duration="00:00:00.0008428" startTime="2026-02-13T22:03:09.0474569+08:00" endTime="2026-02-13T22:03:09.0474569+08:00" testType="13cdc9d9-ddb5-4fa4-a97d-d965ccfc6d4b" outcome="Passed" testListId="8c84fa94-04c1-424b-9868-57a2d4851a1d" relativeResultsDirectory="35677713-16ff-4aea-bd95-62f0c370ba35" />
    <UnitTestResult executionId="f898e58f-f164-4d98-ba39-d607d3aa6ae7" testId="27c418af-6c9d-d1e9-eb04-f83c7936c883" testName="MilkApiManager.Tests.Controllers.RouteControllerTests.UpdateRoute_ValidConfig_Returns204" computerName="TEDMIBOOK" duration="00:00:00.0055586" startTime="2026-02-13T22:03:09.0471344+08:00" endTime="2026-02-13T22:03:09.0471345+08:00" testType="13cdc9d9-ddb5-4fa4-a97d-d965ccfc6d4b" outcome="Passed" testListId="8c84fa94-04c1-424b-9868-57a2d4851a1d" relativeResultsDirectory="f898e58f-f164-4d98-ba39-d607d3aa6ae7" />
    <UnitTestResult executionId="0b5838cb-4a88-4a01-9fbb-816a27e09f0d" testId="e65cf953-889d-aed2-d800-b925c27e2698" testName="MilkApiManager.Tests.Controllers.ConsumerControllerTests.DeleteConsumer_ValidUsername_ReturnsNoContent" computerName="TEDMIBOOK" duration="00:00:00.0021258" startTime="2026-02-13T22:03:09.0443793+08:00" endTime="2026-02-13T22:03:09.0443794+08:00" testType="13cdc9d9-ddb5-4fa4-a97d-d965ccfc6d4b" outcome="Passed" testListId="8c84fa94-04c1-424b-9868-57a2d4851a1d" relativeResultsDirectory="0b5838cb-4a88-4a01-9fbb-816a27e09f0d" />
    <UnitTestResult executionId="f5a30f04-f6b8-45d5-ab61-d14a1c44f952" testId="8cf132ed-98ed-182d-bce0-822650c102f3" testName="MilkApiManager.Tests.Controllers.ConsumerControllerTests.GetConsumers_EmptyList_ReturnsOk" computerName="TEDMIBOOK" duration="00:00:00.0021907" startTime="2026-02-13T22:03:09.0630621+08:00" endTime="2026-02-13T22:03:09.0630625+08:00" testType="13cdc9d9-ddb5-4fa4-a97d-d965ccfc6d4b" outcome="Passed" testListId="8c84fa94-04c1-424b-9868-57a2d4851a1d" relativeResultsDirectory="f5a30f04-f6b8-45d5-ab61-d14a1c44f952" />
    <UnitTestResult executionId="0994d030-62d8-4a89-b17f-6f7f61e116b5" testId="a2bb1cc4-140f-4800-98f6-acd08441c65e" testName="MilkApiManager.Tests.Controllers.KeysControllerTests.RotateKey_ValidConsumer_ReturnsOk" computerName="TEDMIBOOK" duration="00:00:00.0087583" startTime="2026-02-13T22:03:09.0139777+08:00" endTime="2026-02-13T22:03:09.0139778+08:00" testType="13cdc9d9-ddb5-4fa4-a97d-d965ccfc6d4b" outcome="Passed" testListId="8c84fa94-04c1-424b-9868-57a2d4851a1d" relativeResultsDirectory="0994d030-62d8-4a89-b17f-6f7f61e116b5" />
    <UnitTestResult executionId="83d69705-9a84-46d0-946c-5bfc680a6ee0" testId="6b60f256-0e87-f397-6804-dd266e5ecc8b" testName="MilkApiManager.Tests.Controllers.AnalyticsControllerTests.GetErrors_ReturnsOk" computerName="TEDMIBOOK" duration="00:00:00.0021065" startTime="2026-02-13T22:03:09.0456470+08:00" endTime="2026-02-13T22:03:09.0456470+08:00" testType="13cdc9d9-ddb5-4fa4-a97d-d965ccfc6d4b" outcome="Passed" testListId="8c84fa94-04c1-424b-9868-57a2d4851a1d" relativeResultsDirectory="83d69705-9a84-46d0-946c-5bfc680a6ee0" />
    <UnitTestResult executionId="c1a384a4-8870-4639-93be-b42b6d164445" testId="17ffb620-7c55-ec71-d9bb-ff91adfa2120" testName="MilkApiManager.Tests.Controllers.BlacklistControllerTests.GetBlacklist_WithoutDbPersistence_ReturnsApisixData" computerName="TEDMIBOOK" duration="00:00:00.0011245" startTime="2026-02-13T22:03:09.5166072+08:00" endTime="2026-02-13T22:03:09.5166074+08:00" testType="13cdc9d9-ddb5-4fa4-a97d-d965ccfc6d4b" outcome="Passed" testListId="8c84fa94-04c1-424b-9868-57a2d4851a1d" relativeResultsDirectory="c1a384a4-8870-4639-93be-b42b6d164445" />
    <UnitTestResult executionId="278fb749-d509-4bbf-bb13-da3b94931d6f" testId="436f838a-f834-c168-2b5f-1cae83e1dff7" testName="MilkApiManager.Tests.Controllers.RouteControllerTests.DeleteRoute_ValidId_Returns204" computerName="TEDMIBOOK" duration="00:00:00.0081967" startTime="2026-02-13T22:03:09.0444201+08:00" endTime="2026-02-13T22:03:09.0444202+08:00" testType="13cdc9d9-ddb5-4fa4-a97d-d965ccfc6d4b" outcome="Passed" testListId="8c84fa94-04c1-424b-9868-57a2d4851a1d" relativeResultsDirectory="278fb749-d509-4bbf-bb13-da3b94931d6f" />
    <UnitTestResult executionId="41386d22-5415-4e8f-b403-62a435caf1d4" testId="d722efba-a895-15b2-2e76-a6c7212a6ca3" testName="MilkApiManager.Tests.Services.SecurityAutomationServiceTests.CheckAndRotateKeys_ExpiredKey_TriggersRotation" computerName="TEDMIBOOK" duration="00:00:00.1188613" startTime="2026-02-13T22:03:09.0443900+08:00" endTime="2026-02-13T22:03:09.0443901+08:00" testType="13cdc9d9-ddb5-4fa4-a97d-d965ccfc6d4b" outcome="Passed" testListId="8c84fa94-04c1-424b-9868-57a2d4851a1d" relativeResultsDirectory="41386d22-5415-4e8f-b403-62a435caf1d4" />
    <UnitTestResult executionId="0e0449d4-e828-44dd-bad8-f6ba35d38169" testId="d36d8574-0208-cc2a-7af3-d62933230c52" testName="MilkApiManager.Tests.Controllers.ConsumerControllerTests.GetConsumers_ReturnsOk_WithConsumerList" computerName="TEDMIBOOK" duration="00:00:00.0361965" startTime="2026-02-13T22:03:09.0557091+08:00" endTime="2026-02-13T22:03:09.0557095+08:00" testType="13cdc9d9-ddb5-4fa4-a97d-d965ccfc6d4b" outcome="Passed" testListId="8c84fa94-04c1-424b-9868-57a2d4851a1d" relativeResultsDirectory="0e0449d4-e828-44dd-bad8-f6ba35d38169" />
    <UnitTestResult executionId="d10fd1df-6d33-46cf-a013-98c33b4e595b" testId="3a84ee62-fea2-fe62-213b-6c3075a5b626" testName="MilkApiManager.Tests.Controllers.BlacklistControllerTests.UpdateBlacklist_AddIp_Success" computerName="TEDMIBOOK" duration="00:00:00.0179567" startTime="2026-02-13T22:03:09.5154154+08:00" endTime="2026-02-13T22:03:09.5154157+08:00" testType="13cdc9d9-ddb5-4fa4-a97d-d965ccfc6d4b" outcome="Passed" testListId="8c84fa94-04c1-424b-9868-57a2d4851a1d" relativeResultsDirectory="d10fd1df-6d33-46cf-a013-98c33b4e595b" />
    <UnitTestResult executionId="43432d2b-f5a3-49e8-9bcc-82729620f5bd" testId="1eccb42e-70c7-47aa-2523-f16f35ecaf7b" testName="MilkApiManager.Tests.Services.SecurityAutomationServiceTests.CheckAndRotateKeys_CompletesWithoutError" computerName="TEDMIBOOK" duration="00:00:00.0017081" startTime="2026-02-13T22:03:09.0466894+08:00" endTime="2026-02-13T22:03:09.0466894+08:00" testType="13cdc9d9-ddb5-4fa4-a97d-d965ccfc6d4b" outcome="Passed" testListId="8c84fa94-04c1-424b-9868-57a2d4851a1d" relativeResultsDirectory="43432d2b-f5a3-49e8-9bcc-82729620f5bd" />
    <UnitTestResult executionId="1228f9a7-f84d-49a8-97fa-0f6cb262c8b8" testId="8558042f-5426-e996-6b1d-e2b2fa85119d" testName="MilkApiManager.Tests.Controllers.RouteControllerTests.CreateRoute_ValidConfig_Returns201" computerName="TEDMIBOOK" duration="00:00:00.0036126" startTime="2026-02-13T22:03:09.0475249+08:00" endTime="2026-02-13T22:03:09.0475250+08:00" testType="13cdc9d9-ddb5-4fa4-a97d-d965ccfc6d4b" outcome="Passed" testListId="8c84fa94-04c1-424b-9868-57a2d4851a1d" relativeResultsDirectory="1228f9a7-f84d-49a8-97fa-0f6cb262c8b8" />
    <UnitTestResult executionId="9487fb13-c5bc-47ce-94b3-ad68ad7642ab" testId="82c2e491-1a42-73fd-f751-39957ddf0284" testName="MilkApiManager.Tests.Controllers.RouteControllerTests.CreateRoute_NullConfig_ReturnsBadRequest" computerName="TEDMIBOOK" duration="00:00:00.0015045" startTime="2026-02-13T22:03:09.0467413+08:00" endTime="2026-02-13T22:03:09.0467414+08:00" testType="13cdc9d9-ddb5-4fa4-a97d-d965ccfc6d4b" outcome="Passed" testListId="8c84fa94-04c1-424b-9868-57a2d4851a1d" relativeResultsDirectory="9487fb13-c5bc-47ce-94b3-ad68ad7642ab" />
    <UnitTestResult executionId="f9739049-1488-4657-aeda-547d5419fb16" testId="b8459eec-149a-be21-ebc9-9b933f954f8f" testName="MilkApiManager.Tests.Controllers.BlacklistControllerTests.GetBlacklist_WithDbPersistence_ReturnsDbEntries" computerName="TEDMIBOOK" duration="00:00:00.0344962" startTime="2026-02-13T22:03:09.4973455+08:00" endTime="2026-02-13T22:03:09.4973460+08:00" testType="13cdc9d9-ddb5-4fa4-a97d-d965ccfc6d4b" outcome="Passed" testListId="8c84fa94-04c1-424b-9868-57a2d4851a1d" relativeResultsDirectory="f9739049-1488-4657-aeda-547d5419fb16" />
    <UnitTestResult executionId="2d8c4b27-a5a2-4f25-a79f-e515aa2477cf" testId="370d7081-d79c-5f4a-cbb0-b5acb049e9f0" testName="MilkApiManager.Tests.Controllers.AnalyticsControllerTests.GetRequests_DefaultQuery_ReturnsOk" computerName="TEDMIBOOK" duration="00:00:00.0012520" startTime="2026-02-13T22:03:09.0467592+08:00" endTime="2026-02-13T22:03:09.0467592+08:00" testType="13cdc9d9-ddb5-4fa4-a97d-d965ccfc6d4b" outcome="Passed" testListId="8c84fa94-04c1-424b-9868-57a2d4851a1d" relativeResultsDirectory="2d8c4b27-a5a2-4f25-a79f-e515aa2477cf" />
    <UnitTestResult executionId="3ee3fe8e-6cc5-4f18-bdfb-fa9d33dd4e0d" testId="3bfb4045-20a9-5a98-0ec9-5957e78a26d3" testName="MilkApiManager.Tests.Controllers.BlacklistControllerTests.UpdateBlacklist_EmptyIp_ReturnsBadRequest" computerName="TEDMIBOOK" duration="00:00:00.0004447" startTime="2026-02-13T22:03:09.5176163+08:00" endTime="2026-02-13T22:03:09.5176164+08:00" testType="13cdc9d9-ddb5-4fa4-a97d-d965ccfc6d4b" outcome="Passed" testListId="8c84fa94-04c1-424b-9868-57a2d4851a1d" relativeResultsDirectory="3ee3fe8e-6cc5-4f18-bdfb-fa9d33dd4e0d" />
    <UnitTestResult executionId="56be4f18-1d01-4836-98ed-86ac8f451470" testId="a1930016-3903-52e5-425e-5ff328905ac4" testName="MilkApiManager.Tests.Services.VaultServiceTests.RotateApiKeyAsync_ConsumerWithNullPlugins_InitializesPlugins" computerName="TEDMIBOOK" duration="00:00:00.0017263" startTime="2026-02-13T22:03:09.0467204+08:00" endTime="2026-02-13T22:03:09.0467205+08:00" testType="13cdc9d9-ddb5-4fa4-a97d-d965ccfc6d4b" outcome="Passed" testListId="8c84fa94-04c1-424b-9868-57a2d4851a1d" relativeResultsDirectory="56be4f18-1d01-4836-98ed-86ac8f451470" />
    <UnitTestResult executionId="e13e5bf7-3d23-4857-987a-cd9cfd0e9eb9" testId="3bfeef27-ed8e-1a20-81a1-47743f6cee91" testName="MilkApiManager.Tests.Controllers.AnalyticsControllerTests.GetRequests_30MinRange_Uses1mStep" computerName="TEDMIBOOK" duration="00:00:00.0021403" startTime="2026-02-13T22:03:09.0466696+08:00" endTime="2026-02-13T22:03:09.0466696+08:00" testType="13cdc9d9-ddb5-4fa4-a97d-d965ccfc6d4b" outcome="Passed" testListId="8c84fa94-04c1-424b-9868-57a2d4851a1d" relativeResultsDirectory="e13e5bf7-3d23-4857-987a-cd9cfd0e9eb9" />
    <UnitTestResult executionId="dacf506f-0363-41c4-ab9f-d9d3c893a6bc" testId="50abf8f7-1597-2f0c-9ae5-bda1633d807a" testName="MilkApiManager.Tests.Controllers.BlacklistControllerTests.UpdateBlacklist_InvalidAction_ReturnsBadRequest" computerName="TEDMIBOOK" duration="00:00:00.0006571" startTime="2026-02-13T22:03:09.5183180+08:00" endTime="2026-02-13T22:03:09.5183181+08:00" testType="13cdc9d9-ddb5-4fa4-a97d-d965ccfc6d4b" outcome="Passed" testListId="8c84fa94-04c1-424b-9868-57a2d4851a1d" relativeResultsDirectory="dacf506f-0363-41c4-ab9f-d9d3c893a6bc" />
    <UnitTestResult executionId="0089dfaf-434c-4b71-b962-1242f6ce3a2d" testId="289cfbcf-dc45-5944-6208-a749ef3d07d9" testName="MilkApiManager.Tests.Controllers.KeysControllerTests.CreateKey_NullRequest_ReturnsBadRequest" computerName="TEDMIBOOK" duration="00:00:00.0004847" startTime="2026-02-13T22:03:09.0456800+08:00" endTime="2026-02-13T22:03:09.0456800+08:00" testType="13cdc9d9-ddb5-4fa4-a97d-d965ccfc6d4b" outcome="Passed" testListId="8c84fa94-04c1-424b-9868-57a2d4851a1d" relativeResultsDirectory="0089dfaf-434c-4b71-b962-1242f6ce3a2d" />
    <UnitTestResult executionId="7e6316a6-6cc4-4b5c-a294-10d5aeb9907e" testId="58c4f78c-cffc-0fa4-ff0b-5a8c9f7dfd25" testName="MilkApiManager.Tests.Controllers.RouteControllerTests.GetRoutes_OnException_Returns500" computerName="TEDMIBOOK" duration="00:00:00.0022648" startTime="2026-02-13T22:03:09.0466401+08:00" endTime="2026-02-13T22:03:09.0466402+08:00" testType="13cdc9d9-ddb5-4fa4-a97d-d965ccfc6d4b" outcome="Passed" testListId="8c84fa94-04c1-424b-9868-57a2d4851a1d" relativeResultsDirectory="7e6316a6-6cc4-4b5c-a294-10d5aeb9907e" />
    <UnitTestResult executionId="c27a28f0-c1d1-4ead-8f3e-eb2979e86b50" testId="a47346ea-59d6-3290-22bb-209b987ff2f0" testName="MilkApiManager.Tests.Services.VaultServiceTests.RotateApiKeyAsync_ValidConsumer_ReturnsNewKey" computerName="TEDMIBOOK" duration="00:00:00.1194234" startTime="2026-02-13T22:03:09.0456149+08:00" endTime="2026-02-13T22:03:09.0456149+08:00" testType="13cdc9d9-ddb5-4fa4-a97d-d965ccfc6d4b" outcome="Passed" testListId="8c84fa94-04c1-424b-9868-57a2d4851a1d" relativeResultsDirectory="c27a28f0-c1d1-4ead-8f3e-eb2979e86b50" />
    <UnitTestResult executionId="411cbe41-7f14-4113-bc90-bcc185b514f0" testId="9a42b642-59ef-5e88-e9ab-d6b051ed7f14" testName="MilkApiManager.Tests.Controllers.AnalyticsControllerTests.GetRequests_12HourRange_Uses10mStep" computerName="TEDMIBOOK" duration="00:00:00.1168458" startTime="2026-02-13T22:03:09.0443389+08:00" endTime="2026-02-13T22:03:09.0443389+08:00" testType="13cdc9d9-ddb5-4fa4-a97d-d965ccfc6d4b" outcome="Passed" testListId="8c84fa94-04c1-424b-9868-57a2d4851a1d" relativeResultsDirectory="411cbe41-7f14-4113-bc90-bcc185b514f0" />
    <UnitTestResult executionId="94faf9aa-5a54-451d-ba23-8da92d92cb69" testId="cdbdfb8e-d2d9-37d6-7d06-bb5d7f10b45f" testName="MilkApiManager.Tests.Controllers.ConsumerControllerTests.UpdateConsumer_ValidData_ReturnsOk" computerName="TEDMIBOOK" duration="00:00:00.0037217" startTime="2026-02-13T22:03:09.0595323+08:00" endTime="2026-02-13T22:03:09.0595325+08:00" testType="13cdc9d9-ddb5-4fa4-a97d-d965ccfc6d4b" outcome="Passed" testListId="8c84fa94-04c1-424b-9868-57a2d4851a1d" relativeResultsDirectory="94faf9aa-5a54-451d-ba23-8da92d92cb69" />
    <UnitTestResult executionId="0e7ce08f-5dcb-4384-9f21-44f195cd65a6" testId="edd88934-1c5f-ff54-4d3f-96b2d317d4e5" testName="MilkApiManager.Tests.Controllers.BlacklistControllerTests.UpdateBlacklist_NullRequest_ReturnsBadRequest" computerName="TEDMIBOOK" duration="00:00:00.0004526" startTime="2026-02-13T22:03:09.5171191+08:00" endTime="2026-02-13T22:03:09.5171193+08:00" testType="13cdc9d9-ddb5-4fa4-a97d-d965ccfc6d4b" outcome="Passed" testListId="8c84fa94-04c1-424b-9868-57a2d4851a1d" relativeResultsDirectory="0e7ce08f-5dcb-4384-9f21-44f195cd65a6" />
    <UnitTestResult executionId="aed8d4e8-91ef-416b-afc7-32b8096f5e63" testId="e287b8f7-92fb-0bb2-cc96-0975fc0cbda0" testName="MilkApiManager.Tests.Services.VaultServiceTests.StoreSecretAsync_ReturnsVaultVersion" computerName="TEDMIBOOK" duration="00:00:00.0009585" startTime="2026-02-13T22:03:09.0457461+08:00" endTime="2026-02-13T22:03:09.0457462+08:00" testType="13cdc9d9-ddb5-4fa4-a97d-d965ccfc6d4b" outcome="Passed" testListId="8c84fa94-04c1-424b-9868-57a2d4851a1d" relativeResultsDirectory="aed8d4e8-91ef-416b-afc7-32b8096f5e63" />
    <UnitTestResult executionId="eb52620a-7f7d-4235-a2f1-244a8c997c3f" testId="b5c78d46-3501-2b25-ab10-329aed49f601" testName="MilkApiManager.Tests.Controllers.KeysControllerTests.RotateKey_ConsumerNotFound_ReturnsBadRequest" computerName="TEDMIBOOK" duration="00:00:00.0010697" startTime="2026-02-13T22:03:09.0441346+08:00" endTime="2026-02-13T22:03:09.0441347+08:00" testType="13cdc9d9-ddb5-4fa4-a97d-d965ccfc6d4b" outcome="Passed" testListId="8c84fa94-04c1-424b-9868-57a2d4851a1d" relativeResultsDirectory="eb52620a-7f7d-4235-a2f1-244a8c997c3f" />
    <UnitTestResult executionId="a271d733-66a0-4ae0-8483-56dd499cf9c8" testId="beaa704d-5f7e-744f-aa6b-6b335c446ea3" testName="MilkApiManager.Tests.Controllers.ConsumerControllerTests.DeleteConsumer_OnException_Returns500" computerName="TEDMIBOOK" duration="00:00:00.0011570" startTime="2026-02-13T22:03:09.0607702+08:00" endTime="2026-02-13T22:03:09.0607705+08:00" testType="13cdc9d9-ddb5-4fa4-a97d-d965ccfc6d4b" outcome="Passed" testListId="8c84fa94-04c1-424b-9868-57a2d4851a1d" relativeResultsDirectory="a271d733-66a0-4ae0-8483-56dd499cf9c8" />
    <UnitTestResult executionId="6dbb2c1c-653f-4331-ba7a-653b79ee5b3a" testId="bde5c2bf-f32f-070d-8aff-1df3c60f213c" testName="MilkApiManager.Tests.Services.VaultServiceTests.RotateApiKeyAsync_ConsumerNotFound_ThrowsException" computerName="TEDMIBOOK" duration="00:00:00.0138675" startTime="2026-02-13T22:03:09.0471548+08:00" endTime="2026-02-13T22:03:09.0471549+08:00" testType="13cdc9d9-ddb5-4fa4-a97d-d965ccfc6d4b" outcome="Passed" testListId="8c84fa94-04c1-424b-9868-57a2d4851a1d" relativeResultsDirectory="6dbb2c1c-653f-4331-ba7a-653b79ee5b3a" />
  </Results>
  <TestDefinitions>
    <UnitTest name="MilkApiManager.Tests.Services.SecurityAutomationServiceTests.CheckAndRotateKeys_NearExpiryKey_DoesNotRotate" storage="d:\tedtv_github\milk-api-manager-system\backend\milkapimanager.tests\bin\debug\net8.0\milkapimanager.tests.dll" id="e494bac7-a81f-608c-c1ca-c0f81c3d6290">
      <Execution id="268da0ee-15e8-47ff-9a1b-13429444cd19" />
      <TestMethod codeBase="D:\tedtv_github\milk-api-manager-system\backend\MilkApiManager.Tests\bin\Debug\net8.0\MilkApiManager.Tests.dll" adapterTypeName="executor://xunit/VsTestRunner2/netcoreapp" className="MilkApiManager.Tests.Services.SecurityAutomationServiceTests" name="CheckAndRotateKeys_NearExpiryKey_DoesNotRotate" />
    </UnitTest>
    <UnitTest name="MilkApiManager.Tests.Services.SecurityAutomationServiceTests.CheckAndRotateKeys_ExpiredKey_TriggersRotation" storage="d:\tedtv_github\milk-api-manager-system\backend\milkapimanager.tests\bin\debug\net8.0\milkapimanager.tests.dll" id="d722efba-a895-15b2-2e76-a6c7212a6ca3">
      <Execution id="41386d22-5415-4e8f-b403-62a435caf1d4" />
      <TestMethod codeBase="D:\tedtv_github\milk-api-manager-system\backend\MilkApiManager.Tests\bin\Debug\net8.0\MilkApiManager.Tests.dll" adapterTypeName="executor://xunit/VsTestRunner2/netcoreapp" className="MilkApiManager.Tests.Services.SecurityAutomationServiceTests" name="CheckAndRotateKeys_ExpiredKey_TriggersRotation" />
    </UnitTest>
    <UnitTest name="MilkApiManager.Tests.Controllers.ConsumerControllerTests.DeleteConsumer_OnException_Returns500" storage="d:\tedtv_github\milk-api-manager-system\backend\milkapimanager.tests\bin\debug\net8.0\milkapimanager.tests.dll" id="beaa704d-5f7e-744f-aa6b-6b335c446ea3">
      <Execution id="a271d733-66a0-4ae0-8483-56dd499cf9c8" />
      <TestMethod codeBase="D:\tedtv_github\milk-api-manager-system\backend\MilkApiManager.Tests\bin\Debug\net8.0\MilkApiManager.Tests.dll" adapterTypeName="executor://xunit/VsTestRunner2/netcoreapp" className="MilkApiManager.Tests.Controllers.ConsumerControllerTests" name="DeleteConsumer_OnException_Returns500" />
    </UnitTest>
    <UnitTest name="MilkApiManager.Tests.Controllers.KeysControllerTests.CreateKey_ValidRequest_ReturnsCreated" storage="d:\tedtv_github\milk-api-manager-system\backend\milkapimanager.tests\bin\debug\net8.0\milkapimanager.tests.dll" id="26411c7b-09b9-c413-c882-bd42cb05231b">
      <Execution id="a974cb1e-b9c1-4e9a-bf68-66c3d6d264b8" />
      <TestMethod codeBase="D:\tedtv_github\milk-api-manager-system\backend\MilkApiManager.Tests\bin\Debug\net8.0\MilkApiManager.Tests.dll" adapterTypeName="executor://xunit/VsTestRunner2/netcoreapp" className="MilkApiManager.Tests.Controllers.KeysControllerTests" name="CreateKey_ValidRequest_ReturnsCreated" />
    </UnitTest>
    <UnitTest name="MilkApiManager.Tests.Controllers.RouteControllerTests.CreateRoute_NullConfig_ReturnsBadRequest" storage="d:\tedtv_github\milk-api-manager-system\backend\milkapimanager.tests\bin\debug\net8.0\milkapimanager.tests.dll" id="82c2e491-1a42-73fd-f751-39957ddf0284">
      <Execution id="9487fb13-c5bc-47ce-94b3-ad68ad7642ab" />
      <TestMethod codeBase="D:\tedtv_github\milk-api-manager-system\backend\MilkApiManager.Tests\bin\Debug\net8.0\MilkApiManager.Tests.dll" adapterTypeName="executor://xunit/VsTestRunner2/netcoreapp" className="MilkApiManager.Tests.Controllers.RouteControllerTests" name="CreateRoute_NullConfig_ReturnsBadRequest" />
    </UnitTest>
    <UnitTest name="MilkApiManager.Tests.Controllers.RouteControllerTests.CreateRoute_EmptyId_ReturnsBadRequest" storage="d:\tedtv_github\milk-api-manager-system\backend\milkapimanager.tests\bin\debug\net8.0\milkapimanager.tests.dll" id="e933aab0-3972-a552-08b0-3eca228605a2">
      <Execution id="8db32dab-cc5c-45f9-9877-7008aa722708" />
      <TestMethod codeBase="D:\tedtv_github\milk-api-manager-system\backend\MilkApiManager.Tests\bin\Debug\net8.0\MilkApiManager.Tests.dll" adapterTypeName="executor://xunit/VsTestRunner2/netcoreapp" className="MilkApiManager.Tests.Controllers.RouteControllerTests" name="CreateRoute_EmptyId_ReturnsBadRequest" />
    </UnitTest>
    <UnitTest name="MilkApiManager.Tests.Controllers.ConsumerControllerTests.GetConsumers_EmptyList_ReturnsOk" storage="d:\tedtv_github\milk-api-manager-system\backend\milkapimanager.tests\bin\debug\net8.0\milkapimanager.tests.dll" id="8cf132ed-98ed-182d-bce0-822650c102f3">
      <Execution id="f5a30f04-f6b8-45d5-ab61-d14a1c44f952" />
      <TestMethod codeBase="D:\tedtv_github\milk-api-manager-system\backend\MilkApiManager.Tests\bin\Debug\net8.0\MilkApiManager.Tests.dll" adapterTypeName="executor://xunit/VsTestRunner2/netcoreapp" className="MilkApiManager.Tests.Controllers.ConsumerControllerTests" name="GetConsumers_EmptyList_ReturnsOk" />
    </UnitTest>
    <UnitTest name="MilkApiManager.Tests.Controllers.RouteControllerTests.UpdateRoute_ValidConfig_Returns204" storage="d:\tedtv_github\milk-api-manager-system\backend\milkapimanager.tests\bin\debug\net8.0\milkapimanager.tests.dll" id="27c418af-6c9d-d1e9-eb04-f83c7936c883">
      <Execution id="f898e58f-f164-4d98-ba39-d607d3aa6ae7" />
      <TestMethod codeBase="D:\tedtv_github\milk-api-manager-system\backend\MilkApiManager.Tests\bin\Debug\net8.0\MilkApiManager.Tests.dll" adapterTypeName="executor://xunit/VsTestRunner2/netcoreapp" className="MilkApiManager.Tests.Controllers.RouteControllerTests" name="UpdateRoute_ValidConfig_Returns204" />
    </UnitTest>
    <UnitTest name="MilkApiManager.Tests.Services.SecurityAutomationServiceTests.CheckAndRotateKeys_CompletesWithoutError" storage="d:\tedtv_github\milk-api-manager-system\backend\milkapimanager.tests\bin\debug\net8.0\milkapimanager.tests.dll" id="1eccb42e-70c7-47aa-2523-f16f35ecaf7b">
      <Execution id="43432d2b-f5a3-49e8-9bcc-82729620f5bd" />
      <TestMethod codeBase="D:\tedtv_github\milk-api-manager-system\backend\MilkApiManager.Tests\bin\Debug\net8.0\MilkApiManager.Tests.dll" adapterTypeName="executor://xunit/VsTestRunner2/netcoreapp" className="MilkApiManager.Tests.Services.SecurityAutomationServiceTests" name="CheckAndRotateKeys_CompletesWithoutError" />
    </UnitTest>
    <UnitTest name="MilkApiManager.Tests.Services.VaultServiceTests.RotateApiKeyAsync_ConsumerWithNullPlugins_InitializesPlugins" storage="d:\tedtv_github\milk-api-manager-system\backend\milkapimanager.tests\bin\debug\net8.0\milkapimanager.tests.dll" id="a1930016-3903-52e5-425e-5ff328905ac4">
      <Execution id="56be4f18-1d01-4836-98ed-86ac8f451470" />
      <TestMethod codeBase="D:\tedtv_github\milk-api-manager-system\backend\MilkApiManager.Tests\bin\Debug\net8.0\MilkApiManager.Tests.dll" adapterTypeName="executor://xunit/VsTestRunner2/netcoreapp" className="MilkApiManager.Tests.Services.VaultServiceTests" name="RotateApiKeyAsync_ConsumerWithNullPlugins_InitializesPlugins" />
    </UnitTest>
    <UnitTest name="MilkApiManager.Tests.Controllers.RouteControllerTests.GetRoutes_OnException_Returns500" storage="d:\tedtv_github\milk-api-manager-system\backend\milkapimanager.tests\bin\debug\net8.0\milkapimanager.tests.dll" id="58c4f78c-cffc-0fa4-ff0b-5a8c9f7dfd25">
      <Execution id="7e6316a6-6cc4-4b5c-a294-10d5aeb9907e" />
      <TestMethod codeBase="D:\tedtv_github\milk-api-manager-system\backend\MilkApiManager.Tests\bin\Debug\net8.0\MilkApiManager.Tests.dll" adapterTypeName="executor://xunit/VsTestRunner2/netcoreapp" className="MilkApiManager.Tests.Controllers.RouteControllerTests" name="GetRoutes_OnException_Returns500" />
    </UnitTest>
    <UnitTest name="MilkApiManager.Tests.Controllers.AnalyticsControllerTests.GetErrors_ReturnsOk" storage="d:\tedtv_github\milk-api-manager-system\backend\milkapimanager.tests\bin\debug\net8.0\milkapimanager.tests.dll" id="6b60f256-0e87-f397-6804-dd266e5ecc8b">
      <Execution id="83d69705-9a84-46d0-946c-5bfc680a6ee0" />
      <TestMethod codeBase="D:\tedtv_github\milk-api-manager-system\backend\MilkApiManager.Tests\bin\Debug\net8.0\MilkApiManager.Tests.dll" adapterTypeName="executor://xunit/VsTestRunner2/netcoreapp" className="MilkApiManager.Tests.Controllers.AnalyticsControllerTests" name="GetErrors_ReturnsOk" />
    </UnitTest>
    <UnitTest name="MilkApiManager.Tests.Controllers.RouteControllerTests.DeleteRoute_ValidId_Returns204" storage="d:\tedtv_github\milk-api-manager-system\backend\milkapimanager.tests\bin\debug\net8.0\milkapimanager.tests.dll" id="436f838a-f834-c168-2b5f-1cae83e1dff7">
      <Execution id="278fb749-d509-4bbf-bb13-da3b94931d6f" />
      <TestMethod codeBase="D:\tedtv_github\milk-api-manager-system\backend\MilkApiManager.Tests\bin\Debug\net8.0\MilkApiManager.Tests.dll" adapterTypeName="executor://xunit/VsTestRunner2/netcoreapp" className="MilkApiManager.Tests.Controllers.RouteControllerTests" name="DeleteRoute_ValidId_Returns204" />
    </UnitTest>
    <UnitTest name="MilkApiManager.Tests.Services.VaultServiceTests.GetSecretAsync_ReturnsMockSecret" storage="d:\tedtv_github\milk-api-manager-system\backend\milkapimanager.tests\bin\debug\net8.0\milkapimanager.tests.dll" id="27ffc991-1d89-21e1-ab97-51da2dc12093">
      <Execution id="35677713-16ff-4aea-bd95-62f0c370ba35" />
      <TestMethod codeBase="D:\tedtv_github\milk-api-manager-system\backend\MilkApiManager.Tests\bin\Debug\net8.0\MilkApiManager.Tests.dll" adapterTypeName="executor://xunit/VsTestRunner2/netcoreapp" className="MilkApiManager.Tests.Services.VaultServiceTests" name="GetSecretAsync_ReturnsMockSecret" />
    </UnitTest>
    <UnitTest name="MilkApiManager.Tests.Controllers.AnalyticsControllerTests.GetRequests_12HourRange_Uses10mStep" storage="d:\tedtv_github\milk-api-manager-system\backend\milkapimanager.tests\bin\debug\net8.0\milkapimanager.tests.dll" id="9a42b642-59ef-5e88-e9ab-d6b051ed7f14">
      <Execution id="411cbe41-7f14-4113-bc90-bcc185b514f0" />
      <TestMethod codeBase="D:\tedtv_github\milk-api-manager-system\backend\MilkApiManager.Tests\bin\Debug\net8.0\MilkApiManager.Tests.dll" adapterTypeName="executor://xunit/VsTestRunner2/netcoreapp" className="MilkApiManager.Tests.Controllers.AnalyticsControllerTests" name="GetRequests_12HourRange_Uses10mStep" />
    </UnitTest>
    <UnitTest name="MilkApiManager.Tests.Controllers.BlacklistControllerTests.UpdateBlacklist_InvalidAction_ReturnsBadRequest" storage="d:\tedtv_github\milk-api-manager-system\backend\milkapimanager.tests\bin\debug\net8.0\milkapimanager.tests.dll" id="50abf8f7-1597-2f0c-9ae5-bda1633d807a">
      <Execution id="dacf506f-0363-41c4-ab9f-d9d3c893a6bc" />
      <TestMethod codeBase="D:\tedtv_github\milk-api-manager-system\backend\MilkApiManager.Tests\bin\Debug\net8.0\MilkApiManager.Tests.dll" adapterTypeName="executor://xunit/VsTestRunner2/netcoreapp" className="MilkApiManager.Tests.Controllers.BlacklistControllerTests" name="UpdateBlacklist_InvalidAction_ReturnsBadRequest" />
    </UnitTest>
    <UnitTest name="MilkApiManager.Tests.Controllers.RouteControllerTests.CreateRoute_ValidConfig_Returns201" storage="d:\tedtv_github\milk-api-manager-system\backend\milkapimanager.tests\bin\debug\net8.0\milkapimanager.tests.dll" id="8558042f-5426-e996-6b1d-e2b2fa85119d">
      <Execution id="1228f9a7-f84d-49a8-97fa-0f6cb262c8b8" />
      <TestMethod codeBase="D:\tedtv_github\milk-api-manager-system\backend\MilkApiManager.Tests\bin\Debug\net8.0\MilkApiManager.Tests.dll" adapterTypeName="executor://xunit/VsTestRunner2/netcoreapp" className="MilkApiManager.Tests.Controllers.RouteControllerTests" name="CreateRoute_ValidConfig_Returns201" />
    </UnitTest>
    <UnitTest name="MilkApiManager.Tests.Controllers.KeysControllerTests.CreateKey_EmptyOwner_ReturnsBadRequest" storage="d:\tedtv_github\milk-api-manager-system\backend\milkapimanager.tests\bin\debug\net8.0\milkapimanager.tests.dll" id="7eab8404-cbf1-7039-27da-f394678f7239">
      <Execution id="d42054b1-f881-4dee-b1e4-afc376c228c1" />
      <TestMethod codeBase="D:\tedtv_github\milk-api-manager-system\backend\MilkApiManager.Tests\bin\Debug\net8.0\MilkApiManager.Tests.dll" adapterTypeName="executor://xunit/VsTestRunner2/netcoreapp" className="MilkApiManager.Tests.Controllers.KeysControllerTests" name="CreateKey_EmptyOwner_ReturnsBadRequest" />
    </UnitTest>
    <UnitTest name="MilkApiManager.Tests.Controllers.AnalyticsControllerTests.GetRequests_30MinRange_Uses1mStep" storage="d:\tedtv_github\milk-api-manager-system\backend\milkapimanager.tests\bin\debug\net8.0\milkapimanager.tests.dll" id="3bfeef27-ed8e-1a20-81a1-47743f6cee91">
      <Execution id="e13e5bf7-3d23-4857-987a-cd9cfd0e9eb9" />
      <TestMethod codeBase="D:\tedtv_github\milk-api-manager-system\backend\MilkApiManager.Tests\bin\Debug\net8.0\MilkApiManager.Tests.dll" adapterTypeName="executor://xunit/VsTestRunner2/netcoreapp" className="MilkApiManager.Tests.Controllers.AnalyticsControllerTests" name="GetRequests_30MinRange_Uses1mStep" />
    </UnitTest>
    <UnitTest name="MilkApiManager.Tests.Controllers.BlacklistControllerTests.UpdateBlacklist_EmptyIp_ReturnsBadRequest" storage="d:\tedtv_github\milk-api-manager-system\backend\milkapimanager.tests\bin\debug\net8.0\milkapimanager.tests.dll" id="3bfb4045-20a9-5a98-0ec9-5957e78a26d3">
      <Execution id="3ee3fe8e-6cc5-4f18-bdfb-fa9d33dd4e0d" />
      <TestMethod codeBase="D:\tedtv_github\milk-api-manager-system\backend\MilkApiManager.Tests\bin\Debug\net8.0\MilkApiManager.Tests.dll" adapterTypeName="executor://xunit/VsTestRunner2/netcoreapp" className="MilkApiManager.Tests.Controllers.BlacklistControllerTests" name="UpdateBlacklist_EmptyIp_ReturnsBadRequest" />
    </UnitTest>
    <UnitTest name="MilkApiManager.Tests.Services.VaultServiceTests.RotateApiKeyAsync_ConsumerNotFound_ThrowsException" storage="d:\tedtv_github\milk-api-manager-system\backend\milkapimanager.tests\bin\debug\net8.0\milkapimanager.tests.dll" id="bde5c2bf-f32f-070d-8aff-1df3c60f213c">
      <Execution id="6dbb2c1c-653f-4331-ba7a-653b79ee5b3a" />
      <TestMethod codeBase="D:\tedtv_github\milk-api-manager-system\backend\MilkApiManager.Tests\bin\Debug\net8.0\MilkApiManager.Tests.dll" adapterTypeName="executor://xunit/VsTestRunner2/netcoreapp" className="MilkApiManager.Tests.Services.VaultServiceTests" name="RotateApiKeyAsync_ConsumerNotFound_ThrowsException" />
    </UnitTest>
    <UnitTest name="MilkApiManager.Tests.Controllers.AnalyticsControllerTests.GetRequests_WithConsumerFilter_PassesCorrectQuery" storage="d:\tedtv_github\milk-api-manager-system\backend\milkapimanager.tests\bin\debug\net8.0\milkapimanager.tests.dll" id="110106ff-6a89-ffa1-a9f3-2cac0d82a207">
      <Execution id="b42d597c-7296-4ebf-80c6-7c5cd8b0d718" />
      <TestMethod codeBase="D:\tedtv_github\milk-api-manager-system\backend\MilkApiManager.Tests\bin\Debug\net8.0\MilkApiManager.Tests.dll" adapterTypeName="executor://xunit/VsTestRunner2/netcoreapp" className="MilkApiManager.Tests.Controllers.AnalyticsControllerTests" name="GetRequests_WithConsumerFilter_PassesCorrectQuery" />
    </UnitTest>
    <UnitTest name="MilkApiManager.Tests.Controllers.BlacklistControllerTests.UpdateBlacklist_AddIp_Success" storage="d:\tedtv_github\milk-api-manager-system\backend\milkapimanager.tests\bin\debug\net8.0\milkapimanager.tests.dll" id="3a84ee62-fea2-fe62-213b-6c3075a5b626">
      <Execution id="d10fd1df-6d33-46cf-a013-98c33b4e595b" />
      <TestMethod codeBase="D:\tedtv_github\milk-api-manager-system\backend\MilkApiManager.Tests\bin\Debug\net8.0\MilkApiManager.Tests.dll" adapterTypeName="executor://xunit/VsTestRunner2/netcoreapp" className="MilkApiManager.Tests.Controllers.BlacklistControllerTests" name="UpdateBlacklist_AddIp_Success" />
    </UnitTest>
    <UnitTest name="MilkApiManager.Tests.Controllers.RouteControllerTests.GetRoute_ExistingId_ReturnsOk" storage="d:\tedtv_github\milk-api-manager-system\backend\milkapimanager.tests\bin\debug\net8.0\milkapimanager.tests.dll" id="5ee4af1b-ea62-e2c1-2859-997484dfe483">
      <Execution id="8b60fea3-4d20-43f3-9903-84e00322815e" />
      <TestMethod codeBase="D:\tedtv_github\milk-api-manager-system\backend\MilkApiManager.Tests\bin\Debug\net8.0\MilkApiManager.Tests.dll" adapterTypeName="executor://xunit/VsTestRunner2/netcoreapp" className="MilkApiManager.Tests.Controllers.RouteControllerTests" name="GetRoute_ExistingId_ReturnsOk" />
    </UnitTest>
    <UnitTest name="MilkApiManager.Tests.Services.VaultServiceTests.StoreSecretAsync_ReturnsVaultVersion" storage="d:\tedtv_github\milk-api-manager-system\backend\milkapimanager.tests\bin\debug\net8.0\milkapimanager.tests.dll" id="e287b8f7-92fb-0bb2-cc96-0975fc0cbda0">
      <Execution id="aed8d4e8-91ef-416b-afc7-32b8096f5e63" />
      <TestMethod codeBase="D:\tedtv_github\milk-api-manager-system\backend\MilkApiManager.Tests\bin\Debug\net8.0\MilkApiManager.Tests.dll" adapterTypeName="executor://xunit/VsTestRunner2/netcoreapp" className="MilkApiManager.Tests.Services.VaultServiceTests" name="StoreSecretAsync_ReturnsVaultVersion" />
    </UnitTest>
    <UnitTest name="MilkApiManager.Tests.Controllers.AnalyticsControllerTests.GetRequests_DefaultQuery_ReturnsOk" storage="d:\tedtv_github\milk-api-manager-system\backend\milkapimanager.tests\bin\debug\net8.0\milkapimanager.tests.dll" id="370d7081-d79c-5f4a-cbb0-b5acb049e9f0">
      <Execution id="2d8c4b27-a5a2-4f25-a79f-e515aa2477cf" />
      <TestMethod codeBase="D:\tedtv_github\milk-api-manager-system\backend\MilkApiManager.Tests\bin\Debug\net8.0\MilkApiManager.Tests.dll" adapterTypeName="executor://xunit/VsTestRunner2/netcoreapp" className="MilkApiManager.Tests.Controllers.AnalyticsControllerTests" name="GetRequests_DefaultQuery_ReturnsOk" />
    </UnitTest>
    <UnitTest name="MilkApiManager.Tests.Controllers.ConsumerControllerTests.UpdateConsumer_ValidData_ReturnsOk" storage="d:\tedtv_github\milk-api-manager-system\backend\milkapimanager.tests\bin\debug\net8.0\milkapimanager.tests.dll" id="cdbdfb8e-d2d9-37d6-7d06-bb5d7f10b45f">
      <Execution id="94faf9aa-5a54-451d-ba23-8da92d92cb69" />
      <TestMethod codeBase="D:\tedtv_github\milk-api-manager-system\backend\MilkApiManager.Tests\bin\Debug\net8.0\MilkApiManager.Tests.dll" adapterTypeName="executor://xunit/VsTestRunner2/netcoreapp" className="MilkApiManager.Tests.Controllers.ConsumerControllerTests" name="UpdateConsumer_ValidData_ReturnsOk" />
    </UnitTest>
    <UnitTest name="MilkApiManager.Tests.Controllers.RouteControllerTests.DeleteRoute_OnException_Returns500" storage="d:\tedtv_github\milk-api-manager-system\backend\milkapimanager.tests\bin\debug\net8.0\milkapimanager.tests.dll" id="5e0cb60b-7d31-9b7c-269b-81895e1c71bb">
      <Execution id="a32a07f9-3df2-41a4-bc1e-d78abb191905" />
      <TestMethod codeBase="D:\tedtv_github\milk-api-manager-system\backend\MilkApiManager.Tests\bin\Debug\net8.0\MilkApiManager.Tests.dll" adapterTypeName="executor://xunit/VsTestRunner2/netcoreapp" className="MilkApiManager.Tests.Controllers.RouteControllerTests" name="DeleteRoute_OnException_Returns500" />
    </UnitTest>
    <UnitTest name="MilkApiManager.Tests.Controllers.KeysControllerTests.RotateKey_ConsumerNotFound_ReturnsBadRequest" storage="d:\tedtv_github\milk-api-manager-system\backend\milkapimanager.tests\bin\debug\net8.0\milkapimanager.tests.dll" id="b5c78d46-3501-2b25-ab10-329aed49f601">
      <Execution id="eb52620a-7f7d-4235-a2f1-244a8c997c3f" />
      <TestMethod codeBase="D:\tedtv_github\milk-api-manager-system\backend\MilkApiManager.Tests\bin\Debug\net8.0\MilkApiManager.Tests.dll" adapterTypeName="executor://xunit/VsTestRunner2/netcoreapp" className="MilkApiManager.Tests.Controllers.KeysControllerTests" name="RotateKey_ConsumerNotFound_ReturnsBadRequest" />
    </UnitTest>
    <UnitTest name="MilkApiManager.Tests.Controllers.ConsumerControllerTests.DeleteConsumer_ValidUsername_ReturnsNoContent" storage="d:\tedtv_github\milk-api-manager-system\backend\milkapimanager.tests\bin\debug\net8.0\milkapimanager.tests.dll" id="e65cf953-889d-aed2-d800-b925c27e2698">
      <Execution id="0b5838cb-4a88-4a01-9fbb-816a27e09f0d" />
      <TestMethod codeBase="D:\tedtv_github\milk-api-manager-system\backend\MilkApiManager.Tests\bin\Debug\net8.0\MilkApiManager.Tests.dll" adapterTypeName="executor://xunit/VsTestRunner2/netcoreapp" className="MilkApiManager.Tests.Controllers.ConsumerControllerTests" name="DeleteConsumer_ValidUsername_ReturnsNoContent" />
    </UnitTest>
    <UnitTest name="MilkApiManager.Tests.Services.SecurityAutomationServiceTests.BlockMaliciousIP_UpdatesGlobalPlugin" storage="d:\tedtv_github\milk-api-manager-system\backend\milkapimanager.tests\bin\debug\net8.0\milkapimanager.tests.dll" id="48939886-2610-bfa9-5a1a-4f6bca067171">
      <Execution id="0a793a0c-7a70-4249-8bb0-09fddad1a6c8" />
      <TestMethod codeBase="D:\tedtv_github\milk-api-manager-system\backend\MilkApiManager.Tests\bin\Debug\net8.0\MilkApiManager.Tests.dll" adapterTypeName="executor://xunit/VsTestRunner2/netcoreapp" className="MilkApiManager.Tests.Services.SecurityAutomationServiceTests" name="BlockMaliciousIP_UpdatesGlobalPlugin" />
    </UnitTest>
    <UnitTest name="MilkApiManager.Tests.Controllers.RouteControllerTests.GetRoute_NotFound_ReturnsNotFound" storage="d:\tedtv_github\milk-api-manager-system\backend\milkapimanager.tests\bin\debug\net8.0\milkapimanager.tests.dll" id="cf7dfd20-217b-7fe3-4df1-e60907a8898a">
      <Execution id="da11940a-3a3b-4bc5-bb5b-f8b6d39db953" />
      <TestMethod codeBase="D:\tedtv_github\milk-api-manager-system\backend\MilkApiManager.Tests\bin\Debug\net8.0\MilkApiManager.Tests.dll" adapterTypeName="executor://xunit/VsTestRunner2/netcoreapp" className="MilkApiManager.Tests.Controllers.RouteControllerTests" name="GetRoute_NotFound_ReturnsNotFound" />
    </UnitTest>
    <UnitTest name="MilkApiManager.Tests.Controllers.KeysControllerTests.RotateKey_ValidConsumer_ReturnsOk" storage="d:\tedtv_github\milk-api-manager-system\backend\milkapimanager.tests\bin\debug\net8.0\milkapimanager.tests.dll" id="a2bb1cc4-140f-4800-98f6-acd08441c65e">
      <Execution id="0994d030-62d8-4a89-b17f-6f7f61e116b5" />
      <TestMethod codeBase="D:\tedtv_github\milk-api-manager-system\backend\MilkApiManager.Tests\bin\Debug\net8.0\MilkApiManager.Tests.dll" adapterTypeName="executor://xunit/VsTestRunner2/netcoreapp" className="MilkApiManager.Tests.Controllers.KeysControllerTests" name="RotateKey_ValidConsumer_ReturnsOk" />
    </UnitTest>
    <UnitTest name="MilkApiManager.Tests.Controllers.BlacklistControllerTests.UpdateBlacklist_NullRequest_ReturnsBadRequest" storage="d:\tedtv_github\milk-api-manager-system\backend\milkapimanager.tests\bin\debug\net8.0\milkapimanager.tests.dll" id="edd88934-1c5f-ff54-4d3f-96b2d317d4e5">
      <Execution id="0e7ce08f-5dcb-4384-9f21-44f195cd65a6" />
      <TestMethod codeBase="D:\tedtv_github\milk-api-manager-system\backend\MilkApiManager.Tests\bin\Debug\net8.0\MilkApiManager.Tests.dll" adapterTypeName="executor://xunit/VsTestRunner2/netcoreapp" className="MilkApiManager.Tests.Controllers.BlacklistControllerTests" name="UpdateBlacklist_NullRequest_ReturnsBadRequest" />
    </UnitTest>
    <UnitTest name="MilkApiManager.Tests.Controllers.BlacklistControllerTests.GetBlacklist_WithoutDbPersistence_ReturnsApisixData" storage="d:\tedtv_github\milk-api-manager-system\backend\milkapimanager.tests\bin\debug\net8.0\milkapimanager.tests.dll" id="17ffb620-7c55-ec71-d9bb-ff91adfa2120">
      <Execution id="c1a384a4-8870-4639-93be-b42b6d164445" />
      <TestMethod codeBase="D:\tedtv_github\milk-api-manager-system\backend\MilkApiManager.Tests\bin\Debug\net8.0\MilkApiManager.Tests.dll" adapterTypeName="executor://xunit/VsTestRunner2/netcoreapp" className="MilkApiManager.Tests.Controllers.BlacklistControllerTests" name="GetBlacklist_WithoutDbPersistence_ReturnsApisixData" />
    </UnitTest>
    <UnitTest name="MilkApiManager.Tests.Controllers.RouteControllerTests.UpdateRoute_NullConfig_ReturnsBadRequest" storage="d:\tedtv_github\milk-api-manager-system\backend\milkapimanager.tests\bin\debug\net8.0\milkapimanager.tests.dll" id="814b7ce3-6665-1726-8cab-b3b4b50b5ec9">
      <Execution id="8c2550c6-6983-4a6e-aaf7-8cb6350b80a5" />
      <TestMethod codeBase="D:\tedtv_github\milk-api-manager-system\backend\MilkApiManager.Tests\bin\Debug\net8.0\MilkApiManager.Tests.dll" adapterTypeName="executor://xunit/VsTestRunner2/netcoreapp" className="MilkApiManager.Tests.Controllers.RouteControllerTests" name="UpdateRoute_NullConfig_ReturnsBadRequest" />
    </UnitTest>
    <UnitTest name="MilkApiManager.Tests.Controllers.BlacklistControllerTests.GetBlacklist_WithDbPersistence_ReturnsDbEntries" storage="d:\tedtv_github\milk-api-manager-system\backend\milkapimanager.tests\bin\debug\net8.0\milkapimanager.tests.dll" id="b8459eec-149a-be21-ebc9-9b933f954f8f">
      <Execution id="f9739049-1488-4657-aeda-547d5419fb16" />
      <TestMethod codeBase="D:\tedtv_github\milk-api-manager-system\backend\MilkApiManager.Tests\bin\Debug\net8.0\MilkApiManager.Tests.dll" adapterTypeName="executor://xunit/VsTestRunner2/netcoreapp" className="MilkApiManager.Tests.Controllers.BlacklistControllerTests" name="GetBlacklist_WithDbPersistence_ReturnsDbEntries" />
    </UnitTest>
    <UnitTest name="MilkApiManager.Tests.Controllers.RouteControllerTests.GetRoutes_ReturnsOk" storage="d:\tedtv_github\milk-api-manager-system\backend\milkapimanager.tests\bin\debug\net8.0\milkapimanager.tests.dll" id="94170f4d-354a-76ad-996e-a4ab1a6d4701">
      <Execution id="64bf1b48-bf3e-4748-9df7-acf50f90e80d" />
      <TestMethod codeBase="D:\tedtv_github\milk-api-manager-system\backend\MilkApiManager.Tests\bin\Debug\net8.0\MilkApiManager.Tests.dll" adapterTypeName="executor://xunit/VsTestRunner2/netcoreapp" className="MilkApiManager.Tests.Controllers.RouteControllerTests" name="GetRoutes_ReturnsOk" />
    </UnitTest>
    <UnitTest name="MilkApiManager.Tests.Controllers.KeysControllerTests.CreateKey_NullRequest_ReturnsBadRequest" storage="d:\tedtv_github\milk-api-manager-system\backend\milkapimanager.tests\bin\debug\net8.0\milkapimanager.tests.dll" id="289cfbcf-dc45-5944-6208-a749ef3d07d9">
      <Execution id="0089dfaf-434c-4b71-b962-1242f6ce3a2d" />
      <TestMethod codeBase="D:\tedtv_github\milk-api-manager-system\backend\MilkApiManager.Tests\bin\Debug\net8.0\MilkApiManager.Tests.dll" adapterTypeName="executor://xunit/VsTestRunner2/netcoreapp" className="MilkApiManager.Tests.Controllers.KeysControllerTests" name="CreateKey_NullRequest_ReturnsBadRequest" />
    </UnitTest>
    <UnitTest name="MilkApiManager.Tests.Controllers.BlacklistControllerTests.UpdateBlacklist_RemoveIp_Success" storage="d:\tedtv_github\milk-api-manager-system\backend\milkapimanager.tests\bin\debug\net8.0\milkapimanager.tests.dll" id="05ef748c-2f79-f6de-a6a8-92289af8d519">
      <Execution id="c6dbef31-ca20-49f9-b9ab-c624b1403c5c" />
      <TestMethod codeBase="D:\tedtv_github\milk-api-manager-system\backend\MilkApiManager.Tests\bin\Debug\net8.0\MilkApiManager.Tests.dll" adapterTypeName="executor://xunit/VsTestRunner2/netcoreapp" className="MilkApiManager.Tests.Controllers.BlacklistControllerTests" name="UpdateBlacklist_RemoveIp_Success" />
    </UnitTest>
    <UnitTest name="MilkApiManager.Tests.Controllers.ConsumerControllerTests.GetConsumers_ReturnsOk_WithConsumerList" storage="d:\tedtv_github\milk-api-manager-system\backend\milkapimanager.tests\bin\debug\net8.0\milkapimanager.tests.dll" id="d36d8574-0208-cc2a-7af3-d62933230c52">
      <Execution id="0e0449d4-e828-44dd-bad8-f6ba35d38169" />
      <TestMethod codeBase="D:\tedtv_github\milk-api-manager-system\backend\MilkApiManager.Tests\bin\Debug\net8.0\MilkApiManager.Tests.dll" adapterTypeName="executor://xunit/VsTestRunner2/netcoreapp" className="MilkApiManager.Tests.Controllers.ConsumerControllerTests" name="GetConsumers_ReturnsOk_WithConsumerList" />
    </UnitTest>
    <UnitTest name="MilkApiManager.Tests.Controllers.ConsumerControllerTests.GetConsumers_OnException_Returns500" storage="d:\tedtv_github\milk-api-manager-system\backend\milkapimanager.tests\bin\debug\net8.0\milkapimanager.tests.dll" id="7b53913e-db83-f932-293a-4c4a6540abd8">
      <Execution id="998fa5cc-dabc-47b0-9fde-401d09a2e4a3" />
      <TestMethod codeBase="D:\tedtv_github\milk-api-manager-system\backend\MilkApiManager.Tests\bin\Debug\net8.0\MilkApiManager.Tests.dll" adapterTypeName="executor://xunit/VsTestRunner2/netcoreapp" className="MilkApiManager.Tests.Controllers.ConsumerControllerTests" name="GetConsumers_OnException_Returns500" />
    </UnitTest>
    <UnitTest name="MilkApiManager.Tests.Controllers.AnalyticsControllerTests.GetLatency_ReturnsOk" storage="d:\tedtv_github\milk-api-manager-system\backend\milkapimanager.tests\bin\debug\net8.0\milkapimanager.tests.dll" id="bccbbaae-beea-e322-af21-53e75d3fc408">
      <Execution id="53b4ede3-82bc-4466-8087-5ea1bb64af9c" />
      <TestMethod codeBase="D:\tedtv_github\milk-api-manager-system\backend\MilkApiManager.Tests\bin\Debug\net8.0\MilkApiManager.Tests.dll" adapterTypeName="executor://xunit/VsTestRunner2/netcoreapp" className="MilkApiManager.Tests.Controllers.AnalyticsControllerTests" name="GetLatency_ReturnsOk" />
    </UnitTest>
    <UnitTest name="MilkApiManager.Tests.Services.VaultServiceTests.RotateApiKeyAsync_ValidConsumer_ReturnsNewKey" storage="d:\tedtv_github\milk-api-manager-system\backend\milkapimanager.tests\bin\debug\net8.0\milkapimanager.tests.dll" id="a47346ea-59d6-3290-22bb-209b987ff2f0">
      <Execution id="c27a28f0-c1d1-4ead-8f3e-eb2979e86b50" />
      <TestMethod codeBase="D:\tedtv_github\milk-api-manager-system\backend\MilkApiManager.Tests\bin\Debug\net8.0\MilkApiManager.Tests.dll" adapterTypeName="executor://xunit/VsTestRunner2/netcoreapp" className="MilkApiManager.Tests.Services.VaultServiceTests" name="RotateApiKeyAsync_ValidConsumer_ReturnsNewKey" />
    </UnitTest>
  </TestDefinitions>
  <TestEntries>
    <TestEntry testId="7b53913e-db83-f932-293a-4c4a6540abd8" executionId="998fa5cc-dabc-47b0-9fde-401d09a2e4a3" testListId="8c84fa94-04c1-424b-9868-57a2d4851a1d" />
    <TestEntry testId="26411c7b-09b9-c413-c882-bd42cb05231b" executionId="a974cb1e-b9c1-4e9a-bf68-66c3d6d264b8" testListId="8c84fa94-04c1-424b-9868-57a2d4851a1d" />
    <TestEntry testId="7eab8404-cbf1-7039-27da-f394678f7239" executionId="d42054b1-f881-4dee-b1e4-afc376c228c1" testListId="8c84fa94-04c1-424b-9868-57a2d4851a1d" />
    <TestEntry testId="05ef748c-2f79-f6de-a6a8-92289af8d519" executionId="c6dbef31-ca20-49f9-b9ab-c624b1403c5c" testListId="8c84fa94-04c1-424b-9868-57a2d4851a1d" />
    <TestEntry testId="814b7ce3-6665-1726-8cab-b3b4b50b5ec9" executionId="8c2550c6-6983-4a6e-aaf7-8cb6350b80a5" testListId="8c84fa94-04c1-424b-9868-57a2d4851a1d" />
    <TestEntry testId="110106ff-6a89-ffa1-a9f3-2cac0d82a207" executionId="b42d597c-7296-4ebf-80c6-7c5cd8b0d718" testListId="8c84fa94-04c1-424b-9868-57a2d4851a1d" />
    <TestEntry testId="94170f4d-354a-76ad-996e-a4ab1a6d4701" executionId="64bf1b48-bf3e-4748-9df7-acf50f90e80d" testListId="8c84fa94-04c1-424b-9868-57a2d4851a1d" />
    <TestEntry testId="5ee4af1b-ea62-e2c1-2859-997484dfe483" executionId="8b60fea3-4d20-43f3-9903-84e00322815e" testListId="8c84fa94-04c1-424b-9868-57a2d4851a1d" />
    <TestEntry testId="cf7dfd20-217b-7fe3-4df1-e60907a8898a" executionId="da11940a-3a3b-4bc5-bb5b-f8b6d39db953" testListId="8c84fa94-04c1-424b-9868-57a2d4851a1d" />
    <TestEntry testId="bccbbaae-beea-e322-af21-53e75d3fc408" executionId="53b4ede3-82bc-4466-8087-5ea1bb64af9c" testListId="8c84fa94-04c1-424b-9868-57a2d4851a1d" />
    <TestEntry testId="48939886-2610-bfa9-5a1a-4f6bca067171" executionId="0a793a0c-7a70-4249-8bb0-09fddad1a6c8" testListId="8c84fa94-04c1-424b-9868-57a2d4851a1d" />
    <TestEntry testId="e494bac7-a81f-608c-c1ca-c0f81c3d6290" executionId="268da0ee-15e8-47ff-9a1b-13429444cd19" testListId="8c84fa94-04c1-424b-9868-57a2d4851a1d" />
    <TestEntry testId="5e0cb60b-7d31-9b7c-269b-81895e1c71bb" executionId="a32a07f9-3df2-41a4-bc1e-d78abb191905" testListId="8c84fa94-04c1-424b-9868-57a2d4851a1d" />
    <TestEntry testId="e933aab0-3972-a552-08b0-3eca228605a2" executionId="8db32dab-cc5c-45f9-9877-7008aa722708" testListId="8c84fa94-04c1-424b-9868-57a2d4851a1d" />
    <TestEntry testId="27ffc991-1d89-21e1-ab97-51da2dc12093" executionId="35677713-16ff-4aea-bd95-62f0c370ba35" testListId="8c84fa94-04c1-424b-9868-57a2d4851a1d" />
    <TestEntry testId="27c418af-6c9d-d1e9-eb04-f83c7936c883" executionId="f898e58f-f164-4d98-ba39-d607d3aa6ae7" testListId="8c84fa94-04c1-424b-9868-57a2d4851a1d" />
    <TestEntry testId="e65cf953-889d-aed2-d800-b925c27e2698" executionId="0b5838cb-4a88-4a01-9fbb-816a27e09f0d" testListId="8c84fa94-04c1-424b-9868-57a2d4851a1d" />
    <TestEntry testId="8cf132ed-98ed-182d-bce0-822650c102f3" executionId="f5a30f04-f6b8-45d5-ab61-d14a1c44f952" testListId="8c84fa94-04c1-424b-9868-57a2d4851a1d" />
    <TestEntry testId="a2bb1cc4-140f-4800-98f6-acd08441c65e" executionId="0994d030-62d8-4a89-b17f-6f7f61e116b5" testListId="8c84fa94-04c1-424b-9868-57a2d4851a1d" />
    <TestEntry testId="6b60f256-0e87-f397-6804-dd266e5ecc8b" executionId="83d69705-9a84-46d0-946c-5bfc680a6ee0" testListId="8c84fa94-04c1-424b-9868-57a2d4851a1d" />
    <TestEntry testId="17ffb620-7c55-ec71-d9bb-ff91adfa2120" executionId="c1a384a4-8870-4639-93be-b42b6d164445" testListId="8c84fa94-04c1-424b-9868-57a2d4851a1d" />
    <TestEntry testId="436f838a-f834-c168-2b5f-1cae83e1dff7" executionId="278fb749-d509-4bbf-bb13-da3b94931d6f" testListId="8c84fa94-04c1-424b-9868-57a2d4851a1d" />
    <TestEntry testId="d722efba-a895-15b2-2e76-a6c7212a6ca3" executionId="41386d22-5415-4e8f-b403-62a435caf1d4" testListId="8c84fa94-04c1-424b-9868-57a2d4851a1d" />
    <TestEntry testId="d36d8574-0208-cc2a-7af3-d62933230c52" executionId="0e0449d4-e828-44dd-bad8-f6ba35d38169" testListId="8c84fa94-04c1-424b-9868-57a2d4851a1d" />
    <TestEntry testId="3a84ee62-fea2-fe62-213b-6c3075a5b626" executionId="d10fd1df-6d33-46cf-a013-98c33b4e595b" testListId="8c84fa94-04c1-424b-9868-57a2d4851a1d" />
    <TestEntry testId="1eccb42e-70c7-47aa-2523-f16f35ecaf7b" executionId="43432d2b-f5a3-49e8-9bcc-82729620f5bd" testListId="8c84fa94-04c1-424b-9868-57a2d4851a1d" />
    <TestEntry testId="8558042f-5426-e996-6b1d-e2b2fa85119d" executionId="1228f9a7-f84d-49a8-97fa-0f6cb262c8b8" testListId="8c84fa94-04c1-424b-9868-57a2d4851a1d" />
    <TestEntry testId="82c2e491-1a42-73fd-f751-39957ddf0284" executionId="9487fb13-c5bc-47ce-94b3-ad68ad7642ab" testListId="8c84fa94-04c1-424b-9868-57a2d4851a1d" />
    <TestEntry testId="b8459eec-149a-be21-ebc9-9b933f954f8f" executionId="f9739049-1488-4657-aeda-547d5419fb16" testListId="8c84fa94-04c1-424b-9868-57a2d4851a1d" />
    <TestEntry testId="370d7081-d79c-5f4a-cbb0-b5acb049e9f0" executionId="2d8c4b27-a5a2-4f25-a79f-e515aa2477cf" testListId="8c84fa94-04c1-424b-9868-57a2d4851a1d" />
    <TestEntry testId="3bfb4045-20a9-5a98-0ec9-5957e78a26d3" executionId="3ee3fe8e-6cc5-4f18-bdfb-fa9d33dd4e0d" testListId="8c84fa94-04c1-424b-9868-57a2d4851a1d" />
    <TestEntry testId="a1930016-3903-52e5-425e-5ff328905ac4" executionId="56be4f18-1d01-4836-98ed-86ac8f451470" testListId="8c84fa94-04c1-424b-9868-57a2d4851a1d" />
    <TestEntry testId="3bfeef27-ed8e-1a20-81a1-47743f6cee91" executionId="e13e5bf7-3d23-4857-987a-cd9cfd0e9eb9" testListId="8c84fa94-04c1-424b-9868-57a2d4851a1d" />
    <TestEntry testId="50abf8f7-1597-2f0c-9ae5-bda1633d807a" executionId="dacf506f-0363-41c4-ab9f-d9d3c893a6bc" testListId="8c84fa94-04c1-424b-9868-57a2d4851a1d" />
    <TestEntry testId="289cfbcf-dc45-5944-6208-a749ef3d07d9" executionId="0089dfaf-434c-4b71-b962-1242f6ce3a2d" testListId="8c84fa94-04c1-424b-9868-57a2d4851a1d" />
    <TestEntry testId="58c4f78c-cffc-0fa4-ff0b-5a8c9f7dfd25" executionId="7e6316a6-6cc4-4b5c-a294-10d5aeb9907e" testListId="8c84fa94-04c1-424b-9868-57a2d4851a1d" />
    <TestEntry testId="a47346ea-59d6-3290-22bb-209b987ff2f0" executionId="c27a28f0-c1d1-4ead-8f3e-eb2979e86b50" testListId="8c84fa94-04c1-424b-9868-57a2d4851a1d" />
    <TestEntry testId="9a42b642-59ef-5e88-e9ab-d6b051ed7f14" executionId="411cbe41-7f14-4113-bc90-bcc185b514f0" testListId="8c84fa94-04c1-424b-9868-57a2d4851a1d" />
    <TestEntry testId="cdbdfb8e-d2d9-37d6-7d06-bb5d7f10b45f" executionId="94faf9aa-5a54-451d-ba23-8da92d92cb69" testListId="8c84fa94-04c1-424b-9868-57a2d4851a1d" />
    <TestEntry testId="edd88934-1c5f-ff54-4d3f-96b2d317d4e5" executionId="0e7ce08f-5dcb-4384-9f21-44f195cd65a6" testListId="8c84fa94-04c1-424b-9868-57a2d4851a1d" />
    <TestEntry testId="e287b8f7-92fb-0bb2-cc96-0975fc0cbda0" executionId="aed8d4e8-91ef-416b-afc7-32b8096f5e63" testListId="8c84fa94-04c1-424b-9868-57a2d4851a1d" />
    <TestEntry testId="b5c78d46-3501-2b25-ab10-329aed49f601" executionId="eb52620a-7f7d-4235-a2f1-244a8c997c3f" testListId="8c84fa94-04c1-424b-9868-57a2d4851a1d" />
    <TestEntry testId="beaa704d-5f7e-744f-aa6b-6b335c446ea3" executionId="a271d733-66a0-4ae0-8483-56dd499cf9c8" testListId="8c84fa94-04c1-424b-9868-57a2d4851a1d" />
    <TestEntry testId="bde5c2bf-f32f-070d-8aff-1df3c60f213c" executionId="6dbb2c1c-653f-4331-ba7a-653b79ee5b3a" testListId="8c84fa94-04c1-424b-9868-57a2d4851a1d" />
  </TestEntries>
  <TestLists>
    <TestList name="不在清單中的結果" id="8c84fa94-04c1-424b-9868-57a2d4851a1d" />
    <TestList name="所有載入的結果" id="19431567-8539-422a-85d7-44ee4e166bda" />
  </TestLists>
  <ResultSummary outcome="Completed">
    <Counters total="44" executed="44" passed="44" failed="0" error="0" timeout="0" aborted="0" inconclusive="0" passedButRunAborted="0" notRunnable="0" notExecuted="0" disconnected="0" warning="0" completed="0" inProgress="0" pending="0" />
    <Output>
      <StdOut>[xUnit.net 00:00:00.00] xUnit.net VSTest Adapter v2.5.3.1+6b60a9e56a (64-bit .NET 8.0.23)&#xD;
[xUnit.net 00:00:00.13]   Discovering: MilkApiManager.Tests&#xD;
[xUnit.net 00:00:00.20]   Discovered:  MilkApiManager.Tests&#xD;
[xUnit.net 00:00:00.21]   Starting:    MilkApiManager.Tests&#xD;
[SECURITY] �����첧�`�y�q�AIP: 10.0.0.99, ��]: DDoS attack. ����۰ʪ��_...&#xD;
[xUnit.net 00:00:00.94]   Finished:    MilkApiManager.Tests&#xD;
</StdOut>
    </Output>
  </ResultSummary>
</TestRun>